678 20419 61691 65335 90738 90819 160640 301384 305420 319351 326684
429727 452344 520104 526685 541711 603897 617070 645939 744419 776741
783908 812545 909188 944630 956531 967957 979688 1055343 1081097 1126530
1161776 1164059 1176883 1188920 1198494 1237962 1315309 1318121 1338270 1370561
1426551 1440751 1443716 1451710 1491826 1507693 1530290 1545394 1603359 1630867
1631479 1634590 1636483 1664746 1703803 1738032 1742201 1791347 1808081 1833185
1840137 1855130 1868992 1873162 1904350 1914631 1976247 2000929 2019434 2025512
2123947 2139063 2160131 2180250 2324831 2332575 2406256 2444892 2474098 2517729
2591530 2608837 2610397 2652194 2688039 2709276 2715420 2744379 2761095 2813404
2851805 2867904 2885133 2892435 2901775 2947871 2983549 3023713 3030333 3066384
3079626 3171779 3183559 3213192 3213254 3255319 3257224 3328413 3351781 3495618
3513176 3558947 3707688 3716704 3719779 3739347 3743639 3744042 3809787 3838602
3856955 3876671 3879936 3884930 3925420 3925740 3969785 4102278 4136175 4136656
4139885 4204271 4210012 4216876 4225601 4229259 4238298 4258809 4298526 4304321
4328037 4341231 4361174 4384819 4396380 4438871 4442990 4451857 4472250 4533716
4564390 4626071 4645295 4654514 4655710 4775082 4781647 4842298 4869798 4939126
4947978 4949596 4959502 4966833 5084474 5103717 5114575 5137226 5146292 5184641
5229713 5253020 5271299 5283524 5311039 5321369 5331781 5357244 5375554 5388622
5390713 5424478 5454566 5455473 5506201 5527306 5537046 5537364 5560025 5562322
5579475 5591773 5637532 5697506 5736117 5759850 5826380 5866941 5910072 5929589
5948100 6033423 6063522 6098414 6156131 6171980 6194695 6288470 6290132 6302235
6304527 6321091 6322412 6448852 6478185 6532176 6559116 6601335 6673987 6677048
6686824 6715697 6748161 6750463 6755888 6766942 6831272 6840273 6850068 6860689
6870954 6894964 6903419 6927914 6935430 6954165 6955130 6972437 6980671 6982664
6994761 7026929 7089594 7091723 7113663 7135586 7157954 7166940 7167736 7175935
7200004 7209943 7213015 7248982 7261497 7305994 7313202 7371418 7386015 7401232
7418462 7474409 7510196 7520496 7537103 7545094 7547916 7563888 7588880 7649234
7701619 7705094 7742782 7771987 7778814 7828993 7868951 8019943 8053650 8069222
8082194 8181120 8232628 8240905 8263272 8333884 8377340 8391980 8398588 8456118
8463510 8529342 8541539 8542551 8656762 8694515 8697386 8706269 8716238 8728760
8753218 8775309 8812339 8839117 8844065 8856811 8881109 8940360 9008671 9051678
9072443 9073534 9115347 9248676 9250355 9302436 9378738 9413645 9514643 9515673
9525408 9529078 9722057 9725267 9746336 9784265 9824591 9851477 9930927 9948921
9960711 9964922 9980933 9994482 10005107 10077132 10105038 10108676 10140881 10168168
10215628 10232989 10243297 10261901 10280114 10280890 10296189 10345314 10352370 10382198
10389412 10456850 10486243 10566576 10590818 10606368 10624320 10668850 10697908 10708023
10742586 10772457 10800459 10801700 10810457 10817407 10882327 10910297 10910803 10933224
10936148 10952566 10960863 11020694 11043977 11054330 11060764 11063910 11074158 11095012
11115982 11174688 11217673 11229318 11291644 11293721 11297341 11321649 11348136 11398919
11402464 11403451 11426303 11428053 11458554 11488468 11513414 11515018 11520781 11558077
11577324 11587184 11587771 11616028 11633760 11640296 11642457 11648167 11664118 11688603
11760309 11771840 11791038 11797215 11822951 11835226 11846682 11860023 11889383 11894419
11932357 11980030 12005887 12097036 12100588 12111712 12165017 12169162 12187564 12216290
12302589 12309466 12345320 12351153 12388924 12434978 12440651 12452619 12507815 12564463
12600030 12639643 12662322 12700014 12721458 12729542 12742562 12749146 12759020 12780098
12830746 12850222 12902858 12999555 13005595 13064572 13106072 13110407 13114108 13142202
13227786 13246154 13247667 13306341 13325306 13363665 13388915 13392327 13394302 13453674
13522989 13551102 13573860 13586288 13595462 13611077 13652889 13655934 13711637 13743363
13790396 13795679 13803073 13814852 13825708 13854419 13855232 13888084 13911549 13939381
13957879 14010358 14028838 14031744 14032612 14045828 14057522 14179540 14193446 14206155
14208828 14214900 14217224 14244999 14298639 14305717 14305866 14355678 14360195 14426070
14475272 14559471 14651264 14664225 14686061 14799239 14813369 14851646 14875647 14900401
14905627 14916271 14936570 14966407 15067562 15085932 15101922 15170875 15175528 15186877
15357195 15388275 15432701 15461813 15477438 15540804 15551622 15559200 15587251 15596464
15599596 15641294 15753557 15766240 15768163 15798831 15806730 15808367 15812472 15828933
15863096 15891740 15912990 15982726 16031542 16105331 16161858 16194777 16198096 16258795
16308056 16393093 16421525 16489751 16537557 16569433 16583362 16608833 16628118 16714896
16736090 16766795 16799556 16902360 16905593 16911479 16940313 16967159 17000007 17018319
17071338 17125598 17153523 17153872 17168536 17177258 17194000 17203454 17214689 17250314
17267149 17413586 17427033 17433609 17517029 17671026 17679980 17730329 17745194 17762788
17773064 17805568 17853927 17860961 17863390 17909177 17912232 17919896 17958615 17975287
18044681 18046187 18074496 18107880 18112437 18196617 18202457 18263435 18418107 18442606
18478463 18482823 18507555 18542831 18547022 18598601 18610106 18677893 18752943 18784336
18807181 18811449 18815923 18859105 18902319 18910811 18922260 18932105 18942441 18988615
18999168 19017310 19173625 19209767 19225640 19228769 19231380 19252706 19299152 19315638
19337502 19338603 19351785 19363211 19376878 19391007 19409620 19440986 19477670 19484994
19514929 19766712 19808734 19815680 19819333 19848962 19858633 19861259 19872688 19958432
19965363 19983553 20022256 20050288 20071026 20093676 20100428 20108925 20144109 20155308
20161364 20174809 20188245 20189609 20192651 20235364 20279263 20320262 20331922 20362059
20424941 20452730 20453312 20460176 20539857 20548868 20552632 20559864 20569508 20574224
20612805 20683783 20692670 20718578 20764403 20875209 20880607 20942490 20944473 21044858
21060902 21101803 21182117 21205661 21209487 21234596 21236172 21363339 21395059 21417711
21450818 21531969 21595418 21605710 21608644 21652469 21728751 21729837 21731435 21785105
21808636 21825858 21858081 21889738 21902332 21920211 21930867 21942683 21952877 21957712
21990141 22011058 22032843 22067794 22074855 22077164 22082053 22100984 22147022 22165423
22196558 22204561 22218396 22265165 22292081 22302250 22344136 22349399 22362301 22363617
22403393 22413040 22455492 22461188 22465391 22494775 22498795 22532900 22534230 22606601
22607127 22653341 22653796 22697782 22739297 22753185 22762919 22769938 22792485 22813735
22839107 22850474 22853314 22880772 22918250 22949598 22952394 22993038 23027826 23051667
23082458 23099916 23128097 23130591 23170427 23177213 23203699 23226257 23228123 23280639
23291709 23340061 23367497 23373373 23392706 23413936 23430119 23504023 23506397 23580554
23636427 23638604 23677503 23715507 23718480 23848164 23911578 23924674 23954633 23968587
24001968 24003835 24129542 24152111 24197683 24205086 24209329 24246594 24259993 24285172
24327146 24331105 24335869 24350468 24351418 24378679 24417396 24470064 24569800 24574577
24578701 24647120 24660039 24668064 24690773 24691820 24732686 24797303 24810107 24842043
24861621 24862540 24942976 24992159 25037545 25152870 25167174 25235396 25278622 25330476
25355402 25358571 25371120 25395607 25448094 25523766 25556412 25562756 25580638 25580824
25626933 25675018 25691404 25727968 25728347 25741629 25749057 25762143 25825958 25828257
25865704 25897253 25906513 25929039 25954525 25974872 26007469 26051947 26077297 26087333
26106184 26151840 26161473 26166173 26173216 26232427 26274022 26304465 26309633 26324013
26396007 26399435 26399747 26431779 26442864 26455953 26484445 26490685 26509448 26515920
26535395 26550690 26583538 26593980 26642081 26656289 26662553 26742609 26745732 26749884
26863476 26882723 26891486 26928773 26937922 26940524 26947554 26984468 27002868 27025601
27039495 27049737 27054980 27095754 27105877 27125623 27168651 27170265 27212688 27258900
27312350 27312708 27331049 27354154 27380274 27473994 27534640 27538905 27578142 27595096
27595127 27646146 27696595 27699509 27739334 27756059 27772583 27793402 27804403 27854524
27871541 27875587 27886759 27906279 27976583 28030726 28040318 28081958 28082964 28155603
28207244 28286426 28347145 28358659 28403878 28446737 28478529 28488759 28525957 28534439
28576669 28611017 28611912 28664963 28677422 28683658 28758687 28823042 28844978 28877178
28879737 28908104 28943708 28945359 28963331 28984926 29010856 29012811 29053905 29087519
29103414 29180154 29186990 29195228 29237841 29266367 29332952 29352031 29367000 29387749
29388372 29434235 29472271 29473375 29478525 29479404 29483540 29522795 29574223 29619113
29643222 29755326 29760567 29771632 29784624 29880300 29880604 29961912 29972910 29996753
30007481 30021175 30083770 30087997 30094597 30207641 30209957 30275585 30279149 30316833
30344985 30352952 30374551 30490372 30520352 30526412 30565001 30660934 30728114 30755526
30761373 30777382 30783248 30817645 30828359 30856556 30926913 30979195 31054500 31096211
31099059 31106846 31230125 31264206 31264728 31272321 31341659 31392040 31433017 31487198
31511106 31541222 31657109 31659232 31665205 31673267 31687253 31701752 31703625 31725147
31730309 31741635 31758062 31829333 31947133 31955829 32022140 32067670 32102496 32162311
32261377 32261776 32266251 32305317 32317108 32323147 32357124 32431103 32557143 32621409
32675099 32705163 32719176 32826238 32896204 32905340 32913330 32978987 32999808 33007706
33111899 33118605 33129998 33136210 33177965 33225630 33236545 33267845 33278168 33281788
33308526 33317506 33334514 33355695 33379439 33466020 33497091 33512394 33513109 33579637
33593760 33632624 33653206 33701976 33725894 33755283 33836881 33852637 33878578 33903312
33905978 33915082 33963573 34037453 34057926 34087309 34114778 34149255 34154447 34154617
34177552 34259155 34264161 34289136 34295470 34307738 34310321 34359307 34396941 34416174
34416274 34485238 34515234 34552831 34561816 34606099 34626669 34668736 34683692 34758654
34761931 34779151 34844210 34935637 34936661 34946531 34963273 35003347 35112384 35129137
35156502 35176061 35178157 35187133 35355209 35479105 35511676 35576257 35588242 35632331
35659322 35687360 35697633 35706074 35720537 35734250 35804761 35811892 35823213 35845206
35872311 35921647 35935181 35935286 35956396 35960239 36018084 36040561 36081996 36102881
36111904 36163112 36188117 36203340 36273001 36288040 36301862 36358473 36388169 36470258
36476703 36511530 36552216 36567619 36593547 36598775 36604444 36621967 36714855 36793747
36793759 36795026 36845591 36919535 36937746 36952355 36955145 36970500 36988155 37039886
37047378 37073606 37128126 37159654 37185315 37216286 37222955 37249703 37298370 37337156
37368918 37382039 37432125 37480604 37541511 37602989 37604697 37716259 37792914 37794371
37806259 37827302 37832599 37868611 37884316 37935789 37950041 37986735 37996824 38014842
38057599 38068001 38070243 38107272 38116535 38169405 38189159 38191992 38215040 38223190
38249310 38268351 38308017 38316733 38329656 38372595 38377589 38393256 38411300 38427331
38454238 38521556 38532586 38654977 38655590 38667448 38678619 38774263 38790603 38879861
38885582 38968827 39015213 39054275 39076432 39079479 39094992 39096926 39196888 39258647
39269513 39280408 39287519 39299709 39302075 39304311 39376018 39385019 39407214 39407222
39422373 39431672 39454782 39497657 39500259 39511033 39514085 39519026 39523344 39540596
39559465 39570404 39571627 39603549 39617304 39706782 39733886 39773845 39801556 39813966
39830474 39867684 39878582 39970889 39986088 40022878 40025524 40100224 40143678 40146890
40177344 40188476 40260974 40283833 40284099 40307401 40340483 40369076 40377748 40450316
40483913 40486159 40486913 40494818 40494862 40527804 40642367 40644356 40674118 40720466
40731325 40761300 40771589 40772109 40783091 40820789 40843371 40915506 40971670 41083006
41090840 41228492 41245143 41256097 41267956 41340776 41341007 41361183 41366286 41371354
41431811 41479496 41594309 41595209 41616062 41623962 41677164 41694184 41767391 41771643
41780926 41832599 41875437 42038201 42110250 42150833 42179762 42233859 42303278 42351224
42566129 42575821 42592580 42656224 42695370 42751351 42772223 42793532 42802530 42813864
42843825 42895857 42899197 42919729 42950350 43051412 43083820 43105536 43108916 43231421
43245907 43265690 43284362 43313178 43318871 43325642 43333329 43353757 43372628 43374744
43580803 43588601 43620035 43738153 43874219 43912442 44002276 44069365 44089329 44097156
44108933 44125539 44140667 44187248 44190957 44252010 44276500 44284176 44294625 44298220
44298997 44337344 44388177 44396432 44399505 44419593 44460004 44514076 44524367 44565719
44581982 44592390 44625683 44660414 44704604 44711394 44750904 44779279 44811463 44836703
44844616 44865986 44878384 44900869 44916045 44954988 45003835 45016453 45024536 45042365
45043506 45046474 45053402 45057133 45147370 45166001 45173213 45232038 45301385 45332929
45343091 45346458 45387050 45419686 45421056 45473827 45510588 45522756 45554252 45555350
45568606 45569517 45597015 45614641 45635095 45635473 45654120 45691703 45738235 45749365
45827248 45829475 45843332 45852739 45855511 45891538 45893946 45897439 45966799 45980644
45985278 45997291 46022747 46032583 46159626 46202540 46269393 46275309 46278750 46344347
46357764 46392701 46421034 46448938 46512841 46573983 46578290 46600005 46649278 46708570
46727168 46761536 46839160 46915169 46921622 46923925 46958425 46967561 46975435 47007492
47039440 47057136 47089560 47092227 47178545 47191391 47197538 47206076 47227800 47233600
47325411 47389587 47411155 47450960 47459346 47509750 47523480 47547794 47612291 47616966
47630238 47654567 47666414 47669856 47672879 47736112 47760427 47817561 47907002 47935283
47989161 48002809 48053153 48064600 48065109 48122857 48148041 48162258 48184070 48212920
48253359 48266932 48283832 48302170 48302857 48336335 48352815 48376634 48378939 48387280
48410971 48425235 48442229 48506186 48533337 48544638 48553503 48580928 48606694 48608604
48629838 48659941 48663024 48678812 48706749 48723954 48736473 48743604 48790645 48800278
48830577 48834006 48864013 48894150 48938438 48965264 48997722 49026166 49074852 49080403
49118849 49121283 49127031 49168560 49194493 49195929 49257349 49278151 49313331 49323730
49340409 49354825 49357250 49358609 49372880 49405164 49412146 49438646 49524097 49528368
49574526 49630826 49635301 49645303 49652650 49686085 49696503 49705916 49710204 49751210
49892883 49923891 50003130 50015516 50030839 50055179 50065062 50067234 50072019 50088222
50132426 50189202 50235164 50257017 50268824 50377482 50394333 50414379 50414837 50434173
50473237 50562890 50568339 50584773 50606141 50636148 50656542 50692914 50708095 50840711
50889962 50910793 50943213 50982020 51004951 51054220 51056059 51085037 51104694 51114779
51116012 51118571 51135222 51164310 51206619 51208154 51302746 51319232 51360441 51361354
51394996 51396601 51434122 51455017 51525400 51535607 51576162 51583865 51666770 51690859
51766311 51789279 51816097 51830432 51849654 51871632 51873250 51913951 51962769 51990228
52006980 52030352 52061684 52078727 52147844 52215386 52224096 52246129 52310718 52419856
52446514 52462273 52500303 52605190 52612359 52615654 52687430 52722659 52729313 52740631
52741046 52745002 52843220 52845508 52869254 53002551 53013846 53063567 53105472 53109746
53167203 53210583 53281897 53333367 53341759 53355203 53426281 53494644 53529450 53569508
53572757 53624584 53652853 53669868 53675642 53684762 53894906 53906708 53939216 54066205
54080729 54168537 54199703 54210177 54211425 54244023 54302947 54321089 54377381 54446429
54521911 54533395 54546792 54630836 54658440 54699667 54728594 54740933 54758504 54763865
54772027 54772786 54777843 54807703 54813050 54848395 54858008 54861389 54875303 54887312
54891743 54906542 55009552 55093623 55160218 55167880 55184237 55230148 55240923 55275506
55407625 55437908 55454341 55455798 55467687 55526154 55583834 55584864 55606889 55696897
55811883 55834507 55838918 55844671 55847983 55910958 55926470 55950877 55973059 55995128
56004133 56110342 56112836 56117793 56147742 56151741 56169599 56185265 56191860 56244255
56244622 56256035 56283686 56343093 56424456 56441455 56457751 56516205 56521672 56556201
56575588 56586905 56593011 56598378 56718844 56722551 56741959 56879991 56887018 56947702
56997232 57038900 57054124 57059758 57072862 57125965 57147962 57148926 57187699 57244175
57277423 57303713 57360721 57406707 57429952 57433121 57448338 57474589 57487191 57530360
57586199 57641135 57642560 57650153 57650717 57689217 57701841 57748200 57841677 57849401
57914309 57915380 57925611 57962454 58017827 58041048 58048181 58095887 58131008 58236512
58257711 58285541 58300406 58325765 58333724 58375120 58434221 58451226 58534810 58535627
58546682 58548342 58577650 58595305 58644237 58650405 58651042 58659619 58677545 58726946
58784235 58805471 58817350 58845392 58850735 58853364 58900453 58910361 58918801 58949896
59053803 59144616 59153504 59214316 59271167 59279106 59297176 59313549 59340692 59344245
59352864 59353319 59456369 59499312 59510479 59528771 59528957 59529146 59536810 59577089
59603010 59606385 59651730 59679625 59692418 59693942 59712183 59771867 59833965 59925567
59926932 60008812 60018998 60053727 60076337 60088494 60126464 60182126 60262672 60290879
60332224 60349858 60358626 60389692 60431300 60446708 60510307 60538010 60552686 60609806
60612429 60614598 60618361 60663727 60671931 60701118 60754098 60812769 60828326 60835952
60842915 60851468 60868131 60928661 60934575 60941291 60973345 61008906 61040298 61057674
61116925 61163788 61225380 61227684 61245045 61256319 61257591 61260599 61324685 61364962
61417574 61428856 61489023 61518644 61526892 61636176 61714283 61730223 61749243 61751163
61758130 61883424 61908134 61960686 62007021 62035424 62127923 62153998 62217295 62268308
62276020 62319709 62328399 62359045 62404055 62411346 62434895 62440606 62466166 62486990
62540450 62565364 62576474 62584068 62621154 62652441 62702764 62742257 62743669 62760512
62764991 62779295 62781260 62809990 62853796 62867621 62868342 62883603 62921746 62943206
62986081 63033153 63041282 63063827 63111877 63121303 63137153 63164145 63169730 63212530
63246303 63273121 63279696 63368798 63497496 63505071 63517298 63549033 63558080 63568796
63594065 63626651 63644951 63648054 63676921 63696632 63706800 63796813 63816005 63842617
63875736 63882250 63945142 63967488 64013873 64016242 64139878 64179145 64264284 64271332
64280178 64295170 64307310 64331802 64351299 64366744 64400950 64460939 64466680 64491722
64495974 64562228 64588314 64607919 64619496 64660891 64667847 64753748 64756340 64762186
64764077 64809948 64840366 64881078 64944547 64947518 64963074 64975384 65005937 65012053
65032817 65096923 65167713 65185438 65213944 65239965 65245962 65298448 65316708 65324092
65360410 65381911 65382201 65422589 65499834 65503884 65510914 65514600 65551806 65557312
65594731 65596599 65665006 65672419 65678855 65700997 65721049 65736246 65751649 65792570
65795505 65876351 65886913 65908029 65937680 65993402 66017997 66077115 66084915 66139985
66153925 66159162 66167695 66184521 66245407 66274084 66298399 66359436 66384625 66384892
66390406 66398300 66498021 66513727 66524938 66528297 66541511 66577599 66661397 66667175
66669437 66706508 66735802 66755285 66789089 66829328 66941807 66942205 66965023 66965303
67004697 67061644 67085223 67186614 67196072 67198824 67248190 67298028 67303522 67334974
67431631 67469755 67475030 67500961 67567087 67603595 67658745 67663108 67667918 67688391
67790271 67796685 67801617 67838706 67864212 67867792 67876283 67898462 67917592 67945984
67957282 67972390 68005270 68024025 68053186 68138537 68151659 68173518 68251502 68253957
68269272 68313077 68341822 68350291 68374481 68380304 68384102 68400217 68423310 68454213
68525670 68625789 68626160 68634186 68647797 68659787 68663904 68667356 68689689 68750486
68761732 68793583 68840717 68854933 68855055 68870013 68982737 68986390 68991738 69061179
69069513 69123056 69171695 69241996 69246407 69260038 69295260 69313527 69318302 69322590
69322611 69325006 69327732 69327836 69396436 69404626 69425899 69451954 69462024 69462061
69500680 69506968 69559720 69564016 69630443 69681394 69723376 69731397 69755113 69760965
69788536 69822461 69849322 69862450 69875370 69884372 69958596 69987162 70010174 70048606
70128828 70133210 70141938 70143800 70161350 70262487 70301619 70315133 70337694 70380672
70393447 70397898 70447648 70522917 70534490 70640777 70767891 70893950 70909031 70925605
70947774 70953507 71030847 71058073 71082128 71162878 71232862 71236577 71251066 71272546
71333781 71359717 71387823 71406894 71427609 71493250 71510012 71549619 71563106 71579488
71584528 71598719 71613478 71626552 71635899 71693199 71745478 71795771 71856446 71886716
71910359 71973181 72065413 72138309 72170169 72182216 72217117 72343850 72366857 72377577
72427964 72505691 72506034 72592574 72651841 72671135 72705413 72715734 72724792 72743750
72766702 72820066 72846558 72872215 72891219 72895726 72921104 72938133 72953076 72964405
72999443 73067699 73073677 73096466 73098848 73102191 73104124 73118211 73262301 73288682
73289374 73289383 73309007 73312745 73377139 73388329 73406544 73406546 73441092 73445166
73471322 73514383 73529817 73542322 73554619 73607158 73619995 73641340 73670486 73682108
73684046 73695217 73707471 73716427 73720520 73749594 73755746 73775697 73807085 73862465
73870064 73892354 73927901 74050565 74076870 74097473 74116305 74142466 74203447 74215133
74220993 74223406 74230026 74238542 74278157 74317684 74338810 74359097 74361627 74375587
74387448 74396082 74406987 74488974 74540729 74685982 74725119 74730872 74755999 74781759
74795042 74839154 74856621 74937541 74990460 75064128 75112377 75113032 75130214 75190832
75241121 75262029 75302527 75313375 75377390 75535263 75546521 75571132 75571373 75598332
75638897 75669073 75670067 75679939 75733013 75778514 75798518 75842051 75856725 75908254
75930420 75952706 75954617 75985918 76059658 76091366 76145891 76155055 76222670 76228511
76268897 76294322 76294707 76312407 76314125 76318826 76342362 76350320 76375383 76403633
76404815 76407729 76429435 76453350 76532345 76558113 76626313 76676762 76702350 76832884
76845126 76845621 76874395 76926523 76930981 76956985 76966284 76966938 76975055 76990220
77023347 77033850 77038449 77051735 77080759 77097835 77130452 77139038 77226225 77229041
77297015 77350735 77391314 77459341 77481038 77489169 77503124 77538274 77584396 77632820
77673747 77738633 77757145 77801927 77824310 77828714 77874121 77887933 77903163 77923324
77924779 77952677 78026932 78120762 78134884 78153924 78190148 78196184 78251038 78259350
78262112 78275803 78339581 78341793 78343386 78343771 78359087 78406337 78407166 78450580
78474563 78477742 78481854 78546140 78550836 78555405 78572641 78595525 78614431 78649054
78729191 78751522 78799049 78851746 78909075 78910119 78941818 79073011 79083366 79115543
79128356 79150369 79156089 79199204 79207043 79210815 79212287 79212774 79236766 79332301
79341817 79357958 79392574 79462914 79477752 79592003 79617398 79707812 79723170 79740249
79769290 79792627 79801542 79822084 79839681 79886795 79961605 79962625 79967108 80020209
80101824 80137605 80150158 80158094 80166700 80207807 80254206 80269844 80270424 80284647
80307468 80318281 80351351 80385343 80392503 80434713 80440592 80443106 80483947 80539264
80541650 80622414 80635010 80675135 80767721 80772164 80793910 80798320 80801409 80881343
80954587 81036384 81043344 81140439 81156578 81197736 81236086 81251117 81439397 81492585
81493292 81503249 81508575 81510435 81524598 81538296 81547887 81634462 81751450 81753428
81760454 81816011 81829012 81838333 81857910 81864553 81871629 81894597 81949840 81953677
81957448 81985189 82012183 82078022 82116858 82150368 82151496 82191190 82206473 82243569
82287049 82347217 82364320 82404598 82412892 82469873 82522944 82560871 82573313 82579617
82668261 82727086 82739200 82742360 82781637 82852517 82858553 82860564 82963479 83002844
83069350 83076911 83150288 83184404 83278171 83291159 83319057 83334495 83353588 83363794
83372298 83480716 83485372 83515382 83543906 83552684 83560523 83636955 83742296 83832149
83834819 83858847 83952556 83958451 83992814 83999908 84019260 84049391 84057566 84084215
84084938 84124129 84128567 84130530 84138876 84158174 84185454 84191604 84198377 84210309
84249549 84269303 84318459 84354999 84432473 84441174 84520694 84530506 84542494 84565024
84572735 84680931 84695426 84729254 84741675 84745997 84793231 84796021 84803398 84882378
84895587 84950394 84959196 84963682 85000928 85033255 85071873 85083567 85090670 85107338
85139337 85151469 85164521 85165543 85208576 85225832 85271484 85293434 85294558 85300426
85318497 85333839 85376325 85377090 85381644 85391361 85461691 85499024 85521953 85546312
85648676 85665569 85680849 85697030 85726881 85734622 85747727 85749309 85754381 85829733
85843678 85849414 85916338 85942998 86000627 86024080 86024091 86061854 86079542 86150522
86162293 86170505 86170625 86185118 86207956 86319009 86324383 86370034 86381926 86391841
86408330 86466248 86495166 86548051 86574276 86574935 86576342 86594260 86635328 86643511
86674419 86684394 86690813 86719177 86733075 86858970 86877553 86934828 86945890 86971729
86973156 87032108 87113132 87122147 87175203 87263376 87424908 87474178 87565194 87567932
87614291 87704961 87761591 87807663 87987076 88070549 88076856 88100623 88106751 88114482
88117967 88118768 88127490 88182976 88188701 88196088 88210707 88217434 88278931 88288280
88317225 88347910 88348645 88372331 88401793 88437030 88446645 88482360 88532491 88570876
88607115 88619886 88630219 88658372 88674228 88682390 88692096 88716596 88741681 88743452
88798290 88811233 88825906 88842166 88866984 88877019 88880078 88880557 88884220 88892329
88894937 88904651 88940314 89012780 89039537 89040965 89050543 89164236 89183496 89200341
89217516 89220580 89226554 89229533 89248168 89297521 89334214 89368300 89403064 89457100
89503195 89539478 89542330 89596208 89607992 89613895 89636635 89647504 89659806 89663117
89678658 89679078 89699024 89706186 89761607 89794519 89850110 89883387 89904086 89918564
89919491 90013824 90035557 90043207 90162492 90173499 90277761 90331413 90351775 90396761
90410552 90436911 90465409 90487025 90504990 90518746 90553532 90563346 90583539 90628344
90643872 90650314 90675808 90723493 90741321 90755752 90791349 90849481 90927364 91013279
91051102 91061903 91072385 91110119 91171697 91184882 91210099 91215531 91247142 91316104
91321987 91327311 91333282 91356255 91440639 91463750 91468719 91493044 91572836 91644415
91647536 91655733 91660731 91665465 91672272 91695787 91712377 91751495 91775092 91793409
91805887 91809306 91834735 91880468 91898491 91906924 91953435 91981340 91990498 92024132
92033721 92132264 92146054 92173250 92179398 92188113 92194328 92224660 92229680 92248495
92261194 92327024 92337053 92359372 92392653 92412747 92451958 92522923 92537007 92576992
92581502 92635974 92637217 92639541 92682282 92734527 92782973 92822467 92846221 92892163
92916488 92918395 92969185 93018657 93037887 93060766 93061217 93062529 93070927 93098572
93136489 93227412 93230425 93329755 93364094 93402465 93417574 93435802 93529659 93536000
93536880 93547502 93651460 93671159 93748505 93778563 93797393 93802207 93821418 93828317
93862489 93878771 93923831 93935927 93984727 94032443 94063925 94079890 94089548 94096836
94115301 94121332 94158138 94185485 94189755 94196433 94231970 94245055 94259827 94270067
94331636 94336803 94362493 94405541 94432748 94451452 94480264 94511414 94523503 94532403
94544096 94613075 94645281 94651805 94657626 94669358 94678577 94708410 94714874 94755166
94767020 94785016 94844920 94846113 94933386 94939349 94975734 95003767 95005207 95006603
95011592 95041182 95044970 95052451 95060967 95076211 95107516 95132107 95165981 95177277
95179241 95227430 95266573 95337940 95341865 95411017 95433036 95466426 95485086 95492730
95580681 95586743 95596798 95602329 95610683 95617659 95618962 95648369 95680889 95710756
95716429 95756582 95784611 95789127 95795963 95809966 95826541 95873905 95887426 95906145
95940101 95944710 95947010 95981542 95982322 96028651 96044538 96046148 96096989 96111489
96115814 96116984 96161050 96185378 96189005 96201340 96208473 96237657 96239808 96273831
96315542 96326714 96344979 96346370 96363933 96392536 96426751 96459123 96476198 96495311
96499159 96505994 96534985 96616010 96621128 96674213 96709214 96719399 96727076 96752968
96782086 96820439 96924440 96959590 96966764 96968049 97009690 97020420 97034220 97098080
97128141 97136891 97221596 97229670 97308225 97319177 97326716 97333980 97347590 97386957
97400411 97403987 97414720 97434550 97473820 97491521 97491525 97491631 97491961 97503364
97559302 97562654 97567318 97571758 97574016 97580226 97624501 97694018 97698965 97709036
97715111 97754180 97777013 97781854 97790271 97804841 97858582 97911369 97958571 97974828
97980185 98000500 98024307 98050052 98098748 98109682 98143701 98161449 98228466 98279283
98287764 98316561 98382157 98389490 98453087 98532545 98553688 98559448 98561157 98566057
98571648 98582627 98602148 98646460 98748296 98752509 98794381 98796855 98797827 98799124
98876068 98892578 98906511 98915305 98940966 98978376 98991578 99067308 99070949 99085038
99133738 99164612 99187347 99189855 99198593 99212464 99215723 99228390 99232095 99246743
99271518 99271748 99285494 99292651 99346679 99379702 99429819 99437923 99447735 99505513
99553721 99572400 99600088 99633377 99646556 99651739 99691700 99698045 99738846 99748127
99839746 99850235 99906943 99909883 99972323 