line: 2009-01-02,0 pos: 10
key: 2009-01-02
value: 0
line: 2009-01-05,0 pos: 10
key: 2009-01-05
value: 0
line: 2009-01-08,0 pos: 10
key: 2009-01-08
value: 0
line: 2009-01-11,0 pos: 10
key: 2009-01-11
value: 0
line: 2009-01-14,0 pos: 10
key: 2009-01-14
value: 0
line: 2009-01-17,0 pos: 10
key: 2009-01-17
value: 0
line: 2009-01-20,0 pos: 10
key: 2009-01-20
value: 0
line: 2009-01-23,0 pos: 10
key: 2009-01-23
value: 0
line: 2009-01-26,0 pos: 10
key: 2009-01-26
value: 0
line: 2009-01-29,0 pos: 10
key: 2009-01-29
value: 0
line: 2009-02-01,0 pos: 10
key: 2009-02-01
value: 0
line: 2009-02-04,0 pos: 10
key: 2009-02-04
value: 0
line: 2009-02-07,0 pos: 10
key: 2009-02-07
value: 0
line: 2009-02-10,0 pos: 10
key: 2009-02-10
value: 0
line: 2009-02-13,0 pos: 10
key: 2009-02-13
value: 0
line: 2009-02-16,0 pos: 10
key: 2009-02-16
value: 0
line: 2009-02-19,0 pos: 10
key: 2009-02-19
value: 0
line: 2009-02-22,0 pos: 10
key: 2009-02-22
value: 0
line: 2009-02-25,0 pos: 10
key: 2009-02-25
value: 0
line: 2009-02-28,0 pos: 10
key: 2009-02-28
value: 0
line: 2009-03-03,0 pos: 10
key: 2009-03-03
value: 0
line: 2009-03-06,0 pos: 10
key: 2009-03-06
value: 0
line: 2009-03-09,0 pos: 10
key: 2009-03-09
value: 0
line: 2009-03-12,0 pos: 10
key: 2009-03-12
value: 0
line: 2009-03-15,0 pos: 10
key: 2009-03-15
value: 0
line: 2009-03-18,0 pos: 10
key: 2009-03-18
value: 0
line: 2009-03-21,0 pos: 10
key: 2009-03-21
value: 0
line: 2009-03-24,0 pos: 10
key: 2009-03-24
value: 0
line: 2009-03-27,0 pos: 10
key: 2009-03-27
value: 0
line: 2009-03-31,0 pos: 10
key: 2009-03-31
value: 0
line: 2009-04-03,0 pos: 10
key: 2009-04-03
value: 0
line: 2009-04-06,0 pos: 10
key: 2009-04-06
value: 0
line: 2009-04-09,0 pos: 10
key: 2009-04-09
value: 0
line: 2009-04-12,0 pos: 10
key: 2009-04-12
value: 0
line: 2009-04-15,0 pos: 10
key: 2009-04-15
value: 0
line: 2009-04-18,0 pos: 10
key: 2009-04-18
value: 0
line: 2009-04-21,0 pos: 10
key: 2009-04-21
value: 0
line: 2009-04-24,0 pos: 10
key: 2009-04-24
value: 0
line: 2009-04-27,0 pos: 10
key: 2009-04-27
value: 0
line: 2009-04-30,0 pos: 10
key: 2009-04-30
value: 0
line: 2009-05-03,0 pos: 10
key: 2009-05-03
value: 0
line: 2009-05-06,0 pos: 10
key: 2009-05-06
value: 0
line: 2009-05-09,0 pos: 10
key: 2009-05-09
value: 0
line: 2009-05-12,0 pos: 10
key: 2009-05-12
value: 0
line: 2009-05-15,0 pos: 10
key: 2009-05-15
value: 0
line: 2009-05-18,0 pos: 10
key: 2009-05-18
value: 0
line: 2009-05-21,0 pos: 10
key: 2009-05-21
value: 0
line: 2009-05-24,0 pos: 10
key: 2009-05-24
value: 0
line: 2009-05-27,0 pos: 10
key: 2009-05-27
value: 0
line: 2009-05-30,0 pos: 10
key: 2009-05-30
value: 0
line: 2009-06-02,0 pos: 10
key: 2009-06-02
value: 0
line: 2009-06-05,0 pos: 10
key: 2009-06-05
value: 0
line: 2009-06-08,0 pos: 10
key: 2009-06-08
value: 0
line: 2009-06-11,0 pos: 10
key: 2009-06-11
value: 0
line: 2009-06-14,0 pos: 10
key: 2009-06-14
value: 0
line: 2009-06-17,0 pos: 10
key: 2009-06-17
value: 0
line: 2009-06-20,0 pos: 10
key: 2009-06-20
value: 0
line: 2009-06-23,0 pos: 10
key: 2009-06-23
value: 0
line: 2009-06-26,0 pos: 10
key: 2009-06-26
value: 0
line: 2009-06-29,0 pos: 10
key: 2009-06-29
value: 0
line: 2009-07-02,0 pos: 10
key: 2009-07-02
value: 0
line: 2009-07-05,0 pos: 10
key: 2009-07-05
value: 0
line: 2009-07-08,0 pos: 10
key: 2009-07-08
value: 0
line: 2009-07-11,0 pos: 10
key: 2009-07-11
value: 0
line: 2009-07-14,0 pos: 10
key: 2009-07-14
value: 0
line: 2009-07-17,0 pos: 10
key: 2009-07-17
value: 0
line: 2009-07-20,0 pos: 10
key: 2009-07-20
value: 0
line: 2009-07-23,0 pos: 10
key: 2009-07-23
value: 0
line: 2009-07-26,0 pos: 10
key: 2009-07-26
value: 0
line: 2009-07-29,0 pos: 10
key: 2009-07-29
value: 0
line: 2009-08-01,0 pos: 10
key: 2009-08-01
value: 0
line: 2009-08-04,0 pos: 10
key: 2009-08-04
value: 0
line: 2009-08-07,0 pos: 10
key: 2009-08-07
value: 0
line: 2009-08-10,0 pos: 10
key: 2009-08-10
value: 0
line: 2009-08-13,0 pos: 10
key: 2009-08-13
value: 0
line: 2009-08-16,0 pos: 10
key: 2009-08-16
value: 0
line: 2009-08-19,0 pos: 10
key: 2009-08-19
value: 0
line: 2009-08-22,0 pos: 10
key: 2009-08-22
value: 0
line: 2009-08-25,0 pos: 10
key: 2009-08-25
value: 0
line: 2009-08-28,0 pos: 10
key: 2009-08-28
value: 0
line: 2009-08-31,0 pos: 10
key: 2009-08-31
value: 0
line: 2009-09-03,0 pos: 10
key: 2009-09-03
value: 0
line: 2009-09-06,0 pos: 10
key: 2009-09-06
value: 0
line: 2009-09-09,0 pos: 10
key: 2009-09-09
value: 0
line: 2009-09-12,0 pos: 10
key: 2009-09-12
value: 0
line: 2009-09-15,0 pos: 10
key: 2009-09-15
value: 0
line: 2009-09-18,0 pos: 10
key: 2009-09-18
value: 0
line: 2009-09-21,0 pos: 10
key: 2009-09-21
value: 0
line: 2009-09-24,0 pos: 10
key: 2009-09-24
value: 0
line: 2009-09-27,0 pos: 10
key: 2009-09-27
value: 0
line: 2009-09-30,0 pos: 10
key: 2009-09-30
value: 0
line: 2009-10-03,0 pos: 10
key: 2009-10-03
value: 0
line: 2009-10-06,0 pos: 10
key: 2009-10-06
value: 0
line: 2009-10-09,0 pos: 10
key: 2009-10-09
value: 0
line: 2009-10-12,0 pos: 10
key: 2009-10-12
value: 0
line: 2009-10-15,0 pos: 10
key: 2009-10-15
value: 0
line: 2009-10-18,0 pos: 10
key: 2009-10-18
value: 0
line: 2009-10-21,0 pos: 10
key: 2009-10-21
value: 0
line: 2009-10-24,0 pos: 10
key: 2009-10-24
value: 0
line: 2009-10-26,0 pos: 10
key: 2009-10-26
value: 0
line: 2009-10-29,0 pos: 10
key: 2009-10-29
value: 0
line: 2009-11-01,0 pos: 10
key: 2009-11-01
value: 0
line: 2009-11-04,0 pos: 10
key: 2009-11-04
value: 0
line: 2009-11-07,0 pos: 10
key: 2009-11-07
value: 0
line: 2009-11-10,0 pos: 10
key: 2009-11-10
value: 0
line: 2009-11-13,0 pos: 10
key: 2009-11-13
value: 0
line: 2009-11-16,0 pos: 10
key: 2009-11-16
value: 0
line: 2009-11-19,0 pos: 10
key: 2009-11-19
value: 0
line: 2009-11-22,0 pos: 10
key: 2009-11-22
value: 0
line: 2009-11-25,0 pos: 10
key: 2009-11-25
value: 0
line: 2009-11-28,0 pos: 10
key: 2009-11-28
value: 0
line: 2009-12-01,0 pos: 10
key: 2009-12-01
value: 0
line: 2009-12-04,0 pos: 10
key: 2009-12-04
value: 0
line: 2009-12-07,0 pos: 10
key: 2009-12-07
value: 0
line: 2009-12-10,0 pos: 10
key: 2009-12-10
value: 0
line: 2009-12-13,0 pos: 10
key: 2009-12-13
value: 0
line: 2009-12-16,0 pos: 10
key: 2009-12-16
value: 0
line: 2009-12-19,0 pos: 10
key: 2009-12-19
value: 0
line: 2009-12-22,0 pos: 10
key: 2009-12-22
value: 0
line: 2009-12-25,0 pos: 10
key: 2009-12-25
value: 0
line: 2009-12-28,0 pos: 10
key: 2009-12-28
value: 0
line: 2009-12-31,0 pos: 10
key: 2009-12-31
value: 0
line: 2010-01-03,0 pos: 10
key: 2010-01-03
value: 0
line: 2010-01-06,0 pos: 10
key: 2010-01-06
value: 0
line: 2010-01-09,0 pos: 10
key: 2010-01-09
value: 0
line: 2010-01-12,0 pos: 10
key: 2010-01-12
value: 0
line: 2010-01-15,0 pos: 10
key: 2010-01-15
value: 0
line: 2010-01-18,0 pos: 10
key: 2010-01-18
value: 0
line: 2010-01-21,0 pos: 10
key: 2010-01-21
value: 0
line: 2010-01-24,0 pos: 10
key: 2010-01-24
value: 0
line: 2010-01-27,0 pos: 10
key: 2010-01-27
value: 0
line: 2010-01-30,0 pos: 10
key: 2010-01-30
value: 0
line: 2010-02-02,0 pos: 10
key: 2010-02-02
value: 0
line: 2010-02-05,0 pos: 10
key: 2010-02-05
value: 0
line: 2010-02-08,0 pos: 10
key: 2010-02-08
value: 0
line: 2010-02-11,0 pos: 10
key: 2010-02-11
value: 0
line: 2010-02-14,0 pos: 10
key: 2010-02-14
value: 0
line: 2010-02-17,0 pos: 10
key: 2010-02-17
value: 0
line: 2010-02-20,0 pos: 10
key: 2010-02-20
value: 0
line: 2010-02-23,0 pos: 10
key: 2010-02-23
value: 0
line: 2010-02-26,0 pos: 10
key: 2010-02-26
value: 0
line: 2010-03-01,0 pos: 10
key: 2010-03-01
value: 0
line: 2010-03-04,0 pos: 10
key: 2010-03-04
value: 0
line: 2010-03-07,0 pos: 10
key: 2010-03-07
value: 0
line: 2010-03-10,0 pos: 10
key: 2010-03-10
value: 0
line: 2010-03-13,0 pos: 10
key: 2010-03-13
value: 0
line: 2010-03-16,0 pos: 10
key: 2010-03-16
value: 0
line: 2010-03-19,0 pos: 10
key: 2010-03-19
value: 0
line: 2010-03-22,0 pos: 10
key: 2010-03-22
value: 0
line: 2010-03-25,0 pos: 10
key: 2010-03-25
value: 0
line: 2010-03-29,0 pos: 10
key: 2010-03-29
value: 0
line: 2010-04-01,0 pos: 10
key: 2010-04-01
value: 0
line: 2010-04-04,0 pos: 10
key: 2010-04-04
value: 0
line: 2010-04-07,0 pos: 10
key: 2010-04-07
value: 0
line: 2010-04-10,0 pos: 10
key: 2010-04-10
value: 0
line: 2010-04-13,0 pos: 10
key: 2010-04-13
value: 0
line: 2010-04-16,0 pos: 10
key: 2010-04-16
value: 0
line: 2010-04-19,0 pos: 10
key: 2010-04-19
value: 0
line: 2010-04-22,0 pos: 10
key: 2010-04-22
value: 0
line: 2010-04-25,0 pos: 10
key: 2010-04-25
value: 0
line: 2010-04-28,0 pos: 10
key: 2010-04-28
value: 0
line: 2010-05-01,0 pos: 10
key: 2010-05-01
value: 0
line: 2010-05-04,0 pos: 10
key: 2010-05-04
value: 0
line: 2010-05-07,0 pos: 10
key: 2010-05-07
value: 0
line: 2010-05-10,0 pos: 10
key: 2010-05-10
value: 0
line: 2010-05-13,0 pos: 10
key: 2010-05-13
value: 0
line: 2010-05-16,0 pos: 10
key: 2010-05-16
value: 0
line: 2010-05-19,0 pos: 10
key: 2010-05-19
value: 0
line: 2010-05-22,0 pos: 10
key: 2010-05-22
value: 0
line: 2010-05-25,0 pos: 10
key: 2010-05-25
value: 0
line: 2010-05-28,0 pos: 10
key: 2010-05-28
value: 0
line: 2010-05-31,0 pos: 10
key: 2010-05-31
value: 0
line: 2010-06-03,0 pos: 10
key: 2010-06-03
value: 0
line: 2010-06-06,0 pos: 10
key: 2010-06-06
value: 0
line: 2010-06-09,0 pos: 10
key: 2010-06-09
value: 0
line: 2010-06-12,0 pos: 10
key: 2010-06-12
value: 0
line: 2010-06-15,0 pos: 10
key: 2010-06-15
value: 0
line: 2010-06-18,0 pos: 10
key: 2010-06-18
value: 0
line: 2010-06-21,0 pos: 10
key: 2010-06-21
value: 0
line: 2010-06-24,0 pos: 10
key: 2010-06-24
value: 0
line: 2010-06-27,0 pos: 10
key: 2010-06-27
value: 0
line: 2010-06-30,0 pos: 10
key: 2010-06-30
value: 0
line: 2010-07-03,0 pos: 10
key: 2010-07-03
value: 0
line: 2010-07-06,0 pos: 10
key: 2010-07-06
value: 0
line: 2010-07-09,0 pos: 10
key: 2010-07-09
value: 0
line: 2010-07-12,0 pos: 10
key: 2010-07-12
value: 0
line: 2010-07-15,0 pos: 10
key: 2010-07-15
value: 0
line: 2010-07-18,0 pos: 10
key: 2010-07-18
value: 0
line: 2010-07-21,0 pos: 10
key: 2010-07-21
value: 0
line: 2010-07-24,0 pos: 10
key: 2010-07-24
value: 0
line: 2010-07-27,0 pos: 10
key: 2010-07-27
value: 0
line: 2010-07-30,0 pos: 10
key: 2010-07-30
value: 0
line: 2010-08-02,0 pos: 10
key: 2010-08-02
value: 0
line: 2010-08-05,0 pos: 10
key: 2010-08-05
value: 0
line: 2010-08-08,0 pos: 10
key: 2010-08-08
value: 0
line: 2010-08-11,0 pos: 10
key: 2010-08-11
value: 0
line: 2010-08-14,0 pos: 10
key: 2010-08-14
value: 0
line: 2010-08-17,0 pos: 10
key: 2010-08-17
value: 0
line: 2010-08-20,0.07 pos: 10
key: 2010-08-20
value: 0.07
line: 2010-08-23,0.07 pos: 10
key: 2010-08-23
value: 0.07
line: 2010-08-26,0.07 pos: 10
key: 2010-08-26
value: 0.07
line: 2010-08-29,0.06 pos: 10
key: 2010-08-29
value: 0.06
line: 2010-09-01,0.06 pos: 10
key: 2010-09-01
value: 0.06
line: 2010-09-04,0.06 pos: 10
key: 2010-09-04
value: 0.06
line: 2010-09-07,0.06 pos: 10
key: 2010-09-07
value: 0.06
line: 2010-09-10,0.06 pos: 10
key: 2010-09-10
value: 0.06
line: 2010-09-13,0.06 pos: 10
key: 2010-09-13
value: 0.06
line: 2010-09-16,0.15 pos: 10
key: 2010-09-16
value: 0.15
line: 2010-09-19,0.06 pos: 10
key: 2010-09-19
value: 0.06
line: 2010-09-22,0.06 pos: 10
key: 2010-09-22
value: 0.06
line: 2010-09-25,0.06 pos: 10
key: 2010-09-25
value: 0.06
line: 2010-09-28,0.06 pos: 10
key: 2010-09-28
value: 0.06
line: 2010-10-01,0.06 pos: 10
key: 2010-10-01
value: 0.06
line: 2010-10-04,0.06 pos: 10
key: 2010-10-04
value: 0.06
line: 2010-10-07,0.06 pos: 10
key: 2010-10-07
value: 0.06
line: 2010-10-10,0.12 pos: 10
key: 2010-10-10
value: 0.12
line: 2010-10-13,0.1 pos: 10
key: 2010-10-13
value: 0.1
line: 2010-10-16,0.12 pos: 10
key: 2010-10-16
value: 0.12
line: 2010-10-19,0.1 pos: 10
key: 2010-10-19
value: 0.1
line: 2010-10-22,0.11 pos: 10
key: 2010-10-22
value: 0.11
line: 2010-10-25,0.18 pos: 10
key: 2010-10-25
value: 0.18
line: 2010-10-28,0.19 pos: 10
key: 2010-10-28
value: 0.19
line: 2010-10-31,0.19 pos: 10
key: 2010-10-31
value: 0.19
line: 2010-11-02,0.21 pos: 10
key: 2010-11-02
value: 0.21
line: 2010-11-05,0.25 pos: 10
key: 2010-11-05
value: 0.25
line: 2010-11-08,0.36 pos: 10
key: 2010-11-08
value: 0.36
line: 2010-11-11,0.24 pos: 10
key: 2010-11-11
value: 0.24
line: 2010-11-14,0.3 pos: 10
key: 2010-11-14
value: 0.3
line: 2010-11-17,0.28 pos: 10
key: 2010-11-17
value: 0.28
line: 2010-11-20,0.29 pos: 10
key: 2010-11-20
value: 0.29
line: 2010-11-23,0.29 pos: 10
key: 2010-11-23
value: 0.29
line: 2010-11-26,0.29 pos: 10
key: 2010-11-26
value: 0.29
line: 2010-11-29,0.28 pos: 10
key: 2010-11-29
value: 0.28
line: 2010-12-02,0.25 pos: 10
key: 2010-12-02
value: 0.25
line: 2010-12-05,0.23 pos: 10
key: 2010-12-05
value: 0.23
line: 2010-12-08,0.25 pos: 10
key: 2010-12-08
value: 0.25
line: 2010-12-11,0.23 pos: 10
key: 2010-12-11
value: 0.23
line: 2010-12-14,0.23 pos: 10
key: 2010-12-14
value: 0.23
line: 2010-12-17,0.25 pos: 10
key: 2010-12-17
value: 0.25
line: 2010-12-20,0.27 pos: 10
key: 2010-12-20
value: 0.27
line: 2010-12-23,0.25 pos: 10
key: 2010-12-23
value: 0.25
line: 2010-12-26,0.27 pos: 10
key: 2010-12-26
value: 0.27
line: 2010-12-29,0.3 pos: 10
key: 2010-12-29
value: 0.3
line: 2011-01-01,0.3 pos: 10
key: 2011-01-01
value: 0.3
line: 2011-01-04,0.3 pos: 10
key: 2011-01-04
value: 0.3
line: 2011-01-07,0.32 pos: 10
key: 2011-01-07
value: 0.32
line: 2011-01-10,0.33 pos: 10
key: 2011-01-10
value: 0.33
line: 2011-01-13,0.42 pos: 10
key: 2011-01-13
value: 0.42
line: 2011-01-16,0.4 pos: 10
key: 2011-01-16
value: 0.4
line: 2011-01-19,0.35 pos: 10
key: 2011-01-19
value: 0.35
line: 2011-01-22,0.43 pos: 10
key: 2011-01-22
value: 0.43
line: 2011-01-25,0.43 pos: 10
key: 2011-01-25
value: 0.43
line: 2011-01-28,0.45 pos: 10
key: 2011-01-28
value: 0.45
line: 2011-01-31,0.61 pos: 10
key: 2011-01-31
value: 0.61
line: 2011-02-03,0.78 pos: 10
key: 2011-02-03
value: 0.78
line: 2011-02-06,0.92 pos: 10
key: 2011-02-06
value: 0.92
line: 2011-02-09,0.97 pos: 10
key: 2011-02-09
value: 0.97
line: 2011-02-12,1.09 pos: 10
key: 2011-02-12
value: 1.09
line: 2011-02-15,1.08 pos: 10
key: 2011-02-15
value: 1.08
line: 2011-02-18,1.04 pos: 10
key: 2011-02-18
value: 1.04
line: 2011-02-21,0.88 pos: 10
key: 2011-02-21
value: 0.88
line: 2011-02-24,0.96 pos: 10
key: 2011-02-24
value: 0.96
line: 2011-02-27,0.96 pos: 10
key: 2011-02-27
value: 0.96
line: 2011-03-02,0.95 pos: 10
key: 2011-03-02
value: 0.95
line: 2011-03-05,0.92 pos: 10
key: 2011-03-05
value: 0.92
line: 2011-03-08,0.9 pos: 10
key: 2011-03-08
value: 0.9
line: 2011-03-11,0.93 pos: 10
key: 2011-03-11
value: 0.93
line: 2011-03-14,0.9 pos: 10
key: 2011-03-14
value: 0.9
line: 2011-03-17,0.87 pos: 10
key: 2011-03-17
value: 0.87
line: 2011-03-20,0.79 pos: 10
key: 2011-03-20
value: 0.79
line: 2011-03-23,0.86 pos: 10
key: 2011-03-23
value: 0.86
line: 2011-03-26,0.9 pos: 10
key: 2011-03-26
value: 0.9
line: 2011-03-30,0.8 pos: 10
key: 2011-03-30
value: 0.8
line: 2011-04-02,0.8 pos: 10
key: 2011-04-02
value: 0.8
line: 2011-04-05,0.77 pos: 10
key: 2011-04-05
value: 0.77
line: 2011-04-08,0.78 pos: 10
key: 2011-04-08
value: 0.78
line: 2011-04-11,0.76 pos: 10
key: 2011-04-11
value: 0.76
line: 2011-04-14,0.99 pos: 10
key: 2011-04-14
value: 0.99
line: 2011-04-17,1.09 pos: 10
key: 2011-04-17
value: 1.09
line: 2011-04-20,1.19 pos: 10
key: 2011-04-20
value: 1.19
line: 2011-04-23,1.38 pos: 10
key: 2011-04-23
value: 1.38
line: 2011-04-26,1.71 pos: 10
key: 2011-04-26
value: 1.71
line: 2011-04-29,2.66 pos: 10
key: 2011-04-29
value: 2.66
line: 2011-05-02,3.95 pos: 10
key: 2011-05-02
value: 3.95
line: 2011-05-05,3.56 pos: 10
key: 2011-05-05
value: 3.56
line: 2011-05-08,3.75 pos: 10
key: 2011-05-08
value: 3.75
line: 2011-05-11,5.41 pos: 10
key: 2011-05-11
value: 5.41
line: 2011-05-14,8.56 pos: 10
key: 2011-05-14
value: 8.56
line: 2011-05-17,8.47 pos: 10
key: 2011-05-17
value: 8.47
line: 2011-05-20,7.28 pos: 10
key: 2011-05-20
value: 7.28
line: 2011-05-23,6.81 pos: 10
key: 2011-05-23
value: 6.81
line: 2011-05-26,7.95 pos: 10
key: 2011-05-26
value: 7.95
line: 2011-05-29,8.68 pos: 10
key: 2011-05-29
value: 8.68
line: 2011-06-01,9.47 pos: 10
key: 2011-06-01
value: 9.47
line: 2011-06-04,15.05 pos: 10
key: 2011-06-04
value: 15.05
line: 2011-06-07,19.19 pos: 10
key: 2011-06-07
value: 19.19
line: 2011-06-10,32.34 pos: 10
key: 2011-06-10
value: 32.34
line: 2011-06-13,24.87 pos: 10
key: 2011-06-13
value: 24.87
line: 2011-06-16,19.99 pos: 10
key: 2011-06-16
value: 19.99
line: 2011-06-19,17.6 pos: 10
key: 2011-06-19
value: 17.6
line: 2011-06-22,15.39 pos: 10
key: 2011-06-22
value: 15.39
line: 2011-06-25,16.95 pos: 10
key: 2011-06-25
value: 16.95
line: 2011-06-28,17.89 pos: 10
key: 2011-06-28
value: 17.89
line: 2011-07-01,17.38 pos: 10
key: 2011-07-01
value: 17.38
line: 2011-07-04,15.74 pos: 10
key: 2011-07-04
value: 15.74
line: 2011-07-07,16.44 pos: 10
key: 2011-07-07
value: 16.44
line: 2011-07-10,15.16 pos: 10
key: 2011-07-10
value: 15.16
line: 2011-07-13,14.52 pos: 10
key: 2011-07-13
value: 14.52
line: 2011-07-16,14.25 pos: 10
key: 2011-07-16
value: 14.25
line: 2011-07-19,13.93 pos: 10
key: 2011-07-19
value: 13.93
line: 2011-07-22,13.94 pos: 10
key: 2011-07-22
value: 13.94
line: 2011-07-25,14.16 pos: 10
key: 2011-07-25
value: 14.16
line: 2011-07-28,14.1 pos: 10
key: 2011-07-28
value: 14.1
line: 2011-07-31,14.06 pos: 10
key: 2011-07-31
value: 14.06
line: 2011-08-03,13.37 pos: 10
key: 2011-08-03
value: 13.37
line: 2011-08-06,11.42 pos: 10
key: 2011-08-06
value: 11.42
line: 2011-08-09,9.66 pos: 10
key: 2011-08-09
value: 9.66
line: 2011-08-12,10.35 pos: 10
key: 2011-08-12
value: 10.35
line: 2011-08-15,11.4 pos: 10
key: 2011-08-15
value: 11.4
line: 2011-08-18,11.39 pos: 10
key: 2011-08-18
value: 11.39
line: 2011-08-21,11.75 pos: 10
key: 2011-08-21
value: 11.75
line: 2011-08-24,11.47 pos: 10
key: 2011-08-24
value: 11.47
line: 2011-08-27,10.01 pos: 10
key: 2011-08-27
value: 10.01
line: 2011-08-30,9.4 pos: 10
key: 2011-08-30
value: 9.4
line: 2011-09-02,8.46 pos: 10
key: 2011-09-02
value: 8.46
line: 2011-09-05,8.56 pos: 10
key: 2011-09-05
value: 8.56
line: 2011-09-08,7.53 pos: 10
key: 2011-09-08
value: 7.53
line: 2011-09-11,6.49 pos: 10
key: 2011-09-11
value: 6.49
line: 2011-09-14,6.19 pos: 10
key: 2011-09-14
value: 6.19
line: 2011-09-17,5.18 pos: 10
key: 2011-09-17
value: 5.18
line: 2011-09-20,5.89 pos: 10
key: 2011-09-20
value: 5.89
line: 2011-09-23,5.8 pos: 10
key: 2011-09-23
value: 5.8
line: 2011-09-26,5.49 pos: 10
key: 2011-09-26
value: 5.49
line: 2011-09-29,4.95 pos: 10
key: 2011-09-29
value: 4.95
line: 2011-10-02,5.27 pos: 10
key: 2011-10-02
value: 5.27
line: 2011-10-05,5.03 pos: 10
key: 2011-10-05
value: 5.03
line: 2011-10-08,4.79 pos: 10
key: 2011-10-08
value: 4.79
line: 2011-10-11,4.23 pos: 10
key: 2011-10-11
value: 4.23
line: 2011-10-14,4.37 pos: 10
key: 2011-10-14
value: 4.37
line: 2011-10-17,3.87 pos: 10
key: 2011-10-17
value: 3.87
line: 2011-10-20,2.59 pos: 10
key: 2011-10-20
value: 2.59
line: 2011-10-23,3.31 pos: 10
key: 2011-10-23
value: 3.31
line: 2011-10-26,3 pos: 10
key: 2011-10-26
value: 3
line: 2011-10-29,3.39 pos: 10
key: 2011-10-29
value: 3.39
line: 2011-10-31,3.38 pos: 10
key: 2011-10-31
value: 3.38
line: 2011-11-03,3.28 pos: 10
key: 2011-11-03
value: 3.28
line: 2011-11-06,3.04 pos: 10
key: 2011-11-06
value: 3.04
line: 2011-11-09,3.09 pos: 10
key: 2011-11-09
value: 3.09
line: 2011-11-12,3.11 pos: 10
key: 2011-11-12
value: 3.11
line: 2011-11-15,2.67 pos: 10
key: 2011-11-15
value: 2.67
line: 2011-11-18,2.37 pos: 10
key: 2011-11-18
value: 2.37
line: 2011-11-21,2.3 pos: 10
key: 2011-11-21
value: 2.3
line: 2011-11-24,2.48 pos: 10
key: 2011-11-24
value: 2.48
line: 2011-11-27,2.51 pos: 10
key: 2011-11-27
value: 2.51
line: 2011-11-30,3 pos: 10
key: 2011-11-30
value: 3
line: 2011-12-03,3.1 pos: 10
key: 2011-12-03
value: 3.1
line: 2011-12-06,3.06 pos: 10
key: 2011-12-06
value: 3.06
line: 2011-12-09,3.04 pos: 10
key: 2011-12-09
value: 3.04
line: 2011-12-12,3.33 pos: 10
key: 2011-12-12
value: 3.33
line: 2011-12-15,3.2 pos: 10
key: 2011-12-15
value: 3.2
line: 2011-12-18,3.36 pos: 10
key: 2011-12-18
value: 3.36
line: 2011-12-21,4.08 pos: 10
key: 2011-12-21
value: 4.08
line: 2011-12-24,4.06 pos: 10
key: 2011-12-24
value: 4.06
line: 2011-12-27,4.09 pos: 10
key: 2011-12-27
value: 4.09
line: 2011-12-30,4.47 pos: 10
key: 2011-12-30
value: 4.47
line: 2012-01-02,5.45 pos: 10
key: 2012-01-02
value: 5.45
line: 2012-01-05,6.6 pos: 10
key: 2012-01-05
value: 6.6
line: 2012-01-08,7.2 pos: 10
key: 2012-01-08
value: 7.2
line: 2012-01-11,7.1 pos: 10
key: 2012-01-11
value: 7.1
line: 2012-01-14,6.81 pos: 10
key: 2012-01-14
value: 6.81
line: 2012-01-17,6.97 pos: 10
key: 2012-01-17
value: 6.97
line: 2012-01-20,6.57 pos: 10
key: 2012-01-20
value: 6.57
line: 2012-01-23,6.47 pos: 10
key: 2012-01-23
value: 6.47
line: 2012-01-26,6.08 pos: 10
key: 2012-01-26
value: 6.08
line: 2012-01-29,5.72 pos: 10
key: 2012-01-29
value: 5.72
line: 2012-02-01,5.77 pos: 10
key: 2012-02-01
value: 5.77
line: 2012-02-04,5.99 pos: 10
key: 2012-02-04
value: 5.99
line: 2012-02-07,5.74 pos: 10
key: 2012-02-07
value: 5.74
line: 2012-02-10,5.94 pos: 10
key: 2012-02-10
value: 5.94
line: 2012-02-13,5.69 pos: 10
key: 2012-02-13
value: 5.69
line: 2012-02-16,4.74 pos: 10
key: 2012-02-16
value: 4.74
line: 2012-02-19,4.38 pos: 10
key: 2012-02-19
value: 4.38
line: 2012-02-22,4.63 pos: 10
key: 2012-02-22
value: 4.63
line: 2012-02-25,5.05 pos: 10
key: 2012-02-25
value: 5.05
line: 2012-02-28,4.98 pos: 10
key: 2012-02-28
value: 4.98
line: 2012-03-02,4.94 pos: 10
key: 2012-03-02
value: 4.94
line: 2012-03-05,5.04 pos: 10
key: 2012-03-05
value: 5.04
line: 2012-03-08,4.99 pos: 10
key: 2012-03-08
value: 4.99
line: 2012-03-11,4.98 pos: 10
key: 2012-03-11
value: 4.98
line: 2012-03-14,5.45 pos: 10
key: 2012-03-14
value: 5.45
line: 2012-03-17,5.4 pos: 10
key: 2012-03-17
value: 5.4
line: 2012-03-20,4.95 pos: 10
key: 2012-03-20
value: 4.95
line: 2012-03-23,4.81 pos: 10
key: 2012-03-23
value: 4.81
line: 2012-03-27,4.74 pos: 10
key: 2012-03-27
value: 4.74
line: 2012-03-30,4.85 pos: 10
key: 2012-03-30
value: 4.85
line: 2012-04-02,4.97 pos: 10
key: 2012-04-02
value: 4.97
line: 2012-04-05,4.96 pos: 10
key: 2012-04-05
value: 4.96
line: 2012-04-08,4.94 pos: 10
key: 2012-04-08
value: 4.94
line: 2012-04-11,4.9 pos: 10
key: 2012-04-11
value: 4.9
line: 2012-04-14,4.97 pos: 10
key: 2012-04-14
value: 4.97
line: 2012-04-17,4.99 pos: 10
key: 2012-04-17
value: 4.99
line: 2012-04-20,5.19 pos: 10
key: 2012-04-20
value: 5.19
line: 2012-04-23,5.3 pos: 10
key: 2012-04-23
value: 5.3
line: 2012-04-26,5.16 pos: 10
key: 2012-04-26
value: 5.16
line: 2012-04-29,5.09 pos: 10
key: 2012-04-29
value: 5.09
line: 2012-05-02,5.04 pos: 10
key: 2012-05-02
value: 5.04
line: 2012-05-05,5.15 pos: 10
key: 2012-05-05
value: 5.15
line: 2012-05-08,5.1 pos: 10
key: 2012-05-08
value: 5.1
line: 2012-05-11,5.1 pos: 10
key: 2012-05-11
value: 5.1
line: 2012-05-14,5.01 pos: 10
key: 2012-05-14
value: 5.01
line: 2012-05-17,5.1 pos: 10
key: 2012-05-17
value: 5.1
line: 2012-05-20,5.14 pos: 10
key: 2012-05-20
value: 5.14
line: 2012-05-23,5.13 pos: 10
key: 2012-05-23
value: 5.13
line: 2012-05-26,5.15 pos: 10
key: 2012-05-26
value: 5.15
line: 2012-05-29,5.16 pos: 10
key: 2012-05-29
value: 5.16
line: 2012-06-01,5.21 pos: 10
key: 2012-06-01
value: 5.21
line: 2012-06-04,5.27 pos: 10
key: 2012-06-04
value: 5.27
line: 2012-06-07,5.48 pos: 10
key: 2012-06-07
value: 5.48
line: 2012-06-10,5.68 pos: 10
key: 2012-06-10
value: 5.68
line: 2012-06-13,5.76 pos: 10
key: 2012-06-13
value: 5.76
line: 2012-06-16,6.27 pos: 10
key: 2012-06-16
value: 6.27
line: 2012-06-19,6.48 pos: 10
key: 2012-06-19
value: 6.48
line: 2012-06-22,6.8 pos: 10
key: 2012-06-22
value: 6.8
line: 2012-06-25,6.56 pos: 10
key: 2012-06-25
value: 6.56
line: 2012-06-28,6.58 pos: 10
key: 2012-06-28
value: 6.58
line: 2012-07-01,6.69 pos: 10
key: 2012-07-01
value: 6.69
line: 2012-07-04,6.71 pos: 10
key: 2012-07-04
value: 6.71
line: 2012-07-07,6.74 pos: 10
key: 2012-07-07
value: 6.74
line: 2012-07-10,6.98 pos: 10
key: 2012-07-10
value: 6.98
line: 2012-07-13,7.46 pos: 10
key: 2012-07-13
value: 7.46
line: 2012-07-16,7.8 pos: 10
key: 2012-07-16
value: 7.8
line: 2012-07-19,9.37 pos: 10
key: 2012-07-19
value: 9.37
line: 2012-07-22,9.53 pos: 10
key: 2012-07-22
value: 9.53
line: 2012-07-25,8.91 pos: 10
key: 2012-07-25
value: 8.91
line: 2012-07-28,8.95 pos: 10
key: 2012-07-28
value: 8.95
line: 2012-07-31,9.22 pos: 10
key: 2012-07-31
value: 9.22
line: 2012-08-03,10.12 pos: 10
key: 2012-08-03
value: 10.12
line: 2012-08-06,11.21 pos: 10
key: 2012-08-06
value: 11.21
line: 2012-08-09,11.35 pos: 10
key: 2012-08-09
value: 11.35
line: 2012-08-12,11.64 pos: 10
key: 2012-08-12
value: 11.64
line: 2012-08-15,12.3 pos: 10
key: 2012-08-15
value: 12.3
line: 2012-08-18,15.37 pos: 10
key: 2012-08-18
value: 15.37
line: 2012-08-21,10.45 pos: 10
key: 2012-08-21
value: 10.45
line: 2012-08-24,10.25 pos: 10
key: 2012-08-24
value: 10.25
line: 2012-08-27,10.99 pos: 10
key: 2012-08-27
value: 10.99
line: 2012-08-30,11.14 pos: 10
key: 2012-08-30
value: 11.14
line: 2012-09-02,10.36 pos: 10
key: 2012-09-02
value: 10.36
line: 2012-09-05,10.59 pos: 10
key: 2012-09-05
value: 10.59
line: 2012-09-08,11.27 pos: 10
key: 2012-09-08
value: 11.27
line: 2012-09-11,11.14 pos: 10
key: 2012-09-11
value: 11.14
line: 2012-09-14,11.48 pos: 10
key: 2012-09-14
value: 11.48
line: 2012-09-17,11.98 pos: 10
key: 2012-09-17
value: 11.98
line: 2012-09-20,12.63 pos: 10
key: 2012-09-20
value: 12.63
line: 2012-09-23,12.4 pos: 10
key: 2012-09-23
value: 12.4
line: 2012-09-26,12.24 pos: 10
key: 2012-09-26
value: 12.24
line: 2012-09-29,12.46 pos: 10
key: 2012-09-29
value: 12.46
line: 2012-10-02,12.58 pos: 10
key: 2012-10-02
value: 12.58
line: 2012-10-05,13.07 pos: 10
key: 2012-10-05
value: 13.07
line: 2012-10-08,12.58 pos: 10
key: 2012-10-08
value: 12.58
line: 2012-10-11,12.16 pos: 10
key: 2012-10-11
value: 12.16
line: 2012-10-14,12.1 pos: 10
key: 2012-10-14
value: 12.1
line: 2012-10-17,11.99 pos: 10
key: 2012-10-17
value: 11.99
line: 2012-10-20,11.94 pos: 10
key: 2012-10-20
value: 11.94
line: 2012-10-23,11.86 pos: 10
key: 2012-10-23
value: 11.86
line: 2012-10-26,11.56 pos: 10
key: 2012-10-26
value: 11.56
line: 2012-10-28,10.69 pos: 10
key: 2012-10-28
value: 10.69
line: 2012-10-31,11.17 pos: 10
key: 2012-10-31
value: 11.17
line: 2012-11-03,10.62 pos: 10
key: 2012-11-03
value: 10.62
line: 2012-11-06,10.97 pos: 10
key: 2012-11-06
value: 10.97
line: 2012-11-09,11.04 pos: 10
key: 2012-11-09
value: 11.04
line: 2012-11-12,11.17 pos: 10
key: 2012-11-12
value: 11.17
line: 2012-11-15,11.28 pos: 10
key: 2012-11-15
value: 11.28
line: 2012-11-18,11.82 pos: 10
key: 2012-11-18
value: 11.82
line: 2012-11-21,11.9 pos: 10
key: 2012-11-21
value: 11.9
line: 2012-11-24,12.46 pos: 10
key: 2012-11-24
value: 12.46
line: 2012-11-27,12.5 pos: 10
key: 2012-11-27
value: 12.5
line: 2012-11-30,12.66 pos: 10
key: 2012-11-30
value: 12.66
line: 2012-12-03,12.75 pos: 10
key: 2012-12-03
value: 12.75
line: 2012-12-06,13.69 pos: 10
key: 2012-12-06
value: 13.69
line: 2012-12-09,13.53 pos: 10
key: 2012-12-09
value: 13.53
line: 2012-12-12,13.8 pos: 10
key: 2012-12-12
value: 13.8
line: 2012-12-15,13.75 pos: 10
key: 2012-12-15
value: 13.75
line: 2012-12-18,13.4 pos: 10
key: 2012-12-18
value: 13.4
line: 2012-12-21,13.63 pos: 10
key: 2012-12-21
value: 13.63
line: 2012-12-24,13.45 pos: 10
key: 2012-12-24
value: 13.45
line: 2012-12-27,13.51 pos: 10
key: 2012-12-27
value: 13.51
line: 2012-12-30,13.57 pos: 10
key: 2012-12-30
value: 13.57
line: 2013-01-02,13.42 pos: 10
key: 2013-01-02
value: 13.42
line: 2013-01-05,13.54 pos: 10
key: 2013-01-05
value: 13.54
line: 2013-01-08,13.84 pos: 10
key: 2013-01-08
value: 13.84
line: 2013-01-11,14.31 pos: 10
key: 2013-01-11
value: 14.31
line: 2013-01-14,14.34 pos: 10
key: 2013-01-14
value: 14.34
line: 2013-01-17,15.53 pos: 10
key: 2013-01-17
value: 15.53
line: 2013-01-20,16.15 pos: 10
key: 2013-01-20
value: 16.15
line: 2013-01-23,17.97 pos: 10
key: 2013-01-23
value: 17.97
line: 2013-01-26,17.71 pos: 10
key: 2013-01-26
value: 17.71
line: 2013-01-29,19.78 pos: 10
key: 2013-01-29
value: 19.78
line: 2013-02-01,21.25 pos: 10
key: 2013-02-01
value: 21.25
line: 2013-02-04,20.99 pos: 10
key: 2013-02-04
value: 20.99
line: 2013-02-07,22.15 pos: 10
key: 2013-02-07
value: 22.15
line: 2013-02-10,23.97 pos: 10
key: 2013-02-10
value: 23.97
line: 2013-02-13,24.3 pos: 10
key: 2013-02-13
value: 24.3
line: 2013-02-16,27.39 pos: 10
key: 2013-02-16
value: 27.39
line: 2013-02-19,29.48 pos: 10
key: 2013-02-19
value: 29.48
line: 2013-02-22,30.52 pos: 10
key: 2013-02-22
value: 30.52
line: 2013-02-25,30.4 pos: 10
key: 2013-02-25
value: 30.4
line: 2013-02-28,33.36 pos: 10
key: 2013-02-28
value: 33.36
line: 2013-03-03,34.25 pos: 10
key: 2013-03-03
value: 34.25
line: 2013-03-06,42 pos: 10
key: 2013-03-06
value: 42
line: 2013-03-09,46.93 pos: 10
key: 2013-03-09
value: 46.93
line: 2013-03-12,44.32 pos: 10
key: 2013-03-12
value: 44.32
line: 2013-03-15,46.9 pos: 10
key: 2013-03-15
value: 46.9
line: 2013-03-18,52.12 pos: 10
key: 2013-03-18
value: 52.12
line: 2013-03-21,70.25 pos: 10
key: 2013-03-21
value: 70.25
line: 2013-03-24,71.93 pos: 10
key: 2013-03-24
value: 71.93
line: 2013-03-27,88.8 pos: 10
key: 2013-03-27
value: 88.8
line: 2013-03-30,92.5 pos: 10
key: 2013-03-30
value: 92.5
line: 2013-04-03,117.34 pos: 10
key: 2013-04-03
value: 117.34
line: 2013-04-06,142.1 pos: 10
key: 2013-04-06
value: 142.1
line: 2013-04-09,186.96 pos: 10
key: 2013-04-09
value: 186.96
line: 2013-04-12,124.9 pos: 10
key: 2013-04-12
value: 124.9
line: 2013-04-15,100 pos: 10
key: 2013-04-15
value: 100
line: 2013-04-18,93.9 pos: 10
key: 2013-04-18
value: 93.9
line: 2013-04-21,127.5 pos: 10
key: 2013-04-21
value: 127.5
line: 2013-04-24,142.5 pos: 10
key: 2013-04-24
value: 142.5
line: 2013-04-27,137 pos: 10
key: 2013-04-27
value: 137
line: 2013-04-30,144.54 pos: 10
key: 2013-04-30
value: 144.54
line: 2013-05-03,103.3 pos: 10
key: 2013-05-03
value: 103.3
line: 2013-05-06,115.98 pos: 10
key: 2013-05-06
value: 115.98
line: 2013-05-09,113.35 pos: 10
key: 2013-05-09
value: 113.35
line: 2013-05-12,115.68 pos: 10
key: 2013-05-12
value: 115.68
line: 2013-05-15,112 pos: 10
key: 2013-05-15
value: 112
line: 2013-05-18,123.32 pos: 10
key: 2013-05-18
value: 123.32
line: 2013-05-21,122.02 pos: 10
key: 2013-05-21
value: 122.02
line: 2013-05-24,126.7 pos: 10
key: 2013-05-24
value: 126.7
line: 2013-05-27,133.5 pos: 10
key: 2013-05-27
value: 133.5
line: 2013-05-30,132.3 pos: 10
key: 2013-05-30
value: 132.3
line: 2013-06-02,129.3 pos: 10
key: 2013-06-02
value: 129.3
line: 2013-06-05,121.42 pos: 10
key: 2013-06-05
value: 121.42
line: 2013-06-08,111.5 pos: 10
key: 2013-06-08
value: 111.5
line: 2013-06-11,106.1 pos: 10
key: 2013-06-11
value: 106.1
line: 2013-06-14,103.9 pos: 10
key: 2013-06-14
value: 103.9
line: 2013-06-17,99.9 pos: 10
key: 2013-06-17
value: 99.9
line: 2013-06-20,107.68 pos: 10
key: 2013-06-20
value: 107.68
line: 2013-06-23,108.35 pos: 10
key: 2013-06-23
value: 108.35
line: 2013-06-26,103.89 pos: 10
key: 2013-06-26
value: 103.89
line: 2013-06-29,94.65 pos: 10
key: 2013-06-29
value: 94.65
line: 2013-07-02,87 pos: 10
key: 2013-07-02
value: 87
line: 2013-07-05,80.04 pos: 10
key: 2013-07-05
value: 80.04
line: 2013-07-08,75 pos: 10
key: 2013-07-08
value: 75
line: 2013-07-11,87.9 pos: 10
key: 2013-07-11
value: 87.9
line: 2013-07-14,98 pos: 10
key: 2013-07-14
value: 98
line: 2013-07-17,97.05 pos: 10
key: 2013-07-17
value: 97.05
line: 2013-07-20,92 pos: 10
key: 2013-07-20
value: 92
line: 2013-07-23,91.99 pos: 10
key: 2013-07-23
value: 91.99
line: 2013-07-26,97 pos: 10
key: 2013-07-26
value: 97
line: 2013-07-29,98.7 pos: 10
key: 2013-07-29
value: 98.7
line: 2013-08-01,106.2 pos: 10
key: 2013-08-01
value: 106.2
line: 2013-08-04,104.95 pos: 10
key: 2013-08-04
value: 104.95
line: 2013-08-07,106.56 pos: 10
key: 2013-08-07
value: 106.56
line: 2013-08-10,102.8 pos: 10
key: 2013-08-10
value: 102.8
line: 2013-08-13,106.64 pos: 10
key: 2013-08-13
value: 106.64
line: 2013-08-16,98.08 pos: 10
key: 2013-08-16
value: 98.08
line: 2013-08-19,99.3 pos: 10
key: 2013-08-19
value: 99.3
line: 2013-08-22,110.43 pos: 10
key: 2013-08-22
value: 110.43
line: 2013-08-25,109.04 pos: 10
key: 2013-08-25
value: 109.04
line: 2013-08-28,117.72 pos: 10
key: 2013-08-28
value: 117.72
line: 2013-08-31,124.84 pos: 10
key: 2013-08-31
value: 124.84
line: 2013-09-03,130.09 pos: 10
key: 2013-09-03
value: 130.09
line: 2013-09-06,122.63 pos: 10
key: 2013-09-06
value: 122.63
line: 2013-09-09,118.18 pos: 10
key: 2013-09-09
value: 118.18
line: 2013-09-12,126.54 pos: 10
key: 2013-09-12
value: 126.54
line: 2013-09-15,124.05 pos: 10
key: 2013-09-15
value: 124.05
line: 2013-09-18,139.15 pos: 10
key: 2013-09-18
value: 139.15
line: 2013-09-21,123.04 pos: 10
key: 2013-09-21
value: 123.04
line: 2013-09-24,122.65 pos: 10
key: 2013-09-24
value: 122.65
line: 2013-09-27,124.65 pos: 10
key: 2013-09-27
value: 124.65
line: 2013-09-30,127.01 pos: 10
key: 2013-09-30
value: 127.01
line: 2013-10-03,103.85 pos: 10
key: 2013-10-03
value: 103.85
line: 2013-10-06,121.2 pos: 10
key: 2013-10-06
value: 121.2
line: 2013-10-09,124.12 pos: 10
key: 2013-10-09
value: 124.12
line: 2013-10-12,127.41 pos: 10
key: 2013-10-12
value: 127.41
line: 2013-10-15,135.17 pos: 10
key: 2013-10-15
value: 135.17
line: 2013-10-18,143.94 pos: 10
key: 2013-10-18
value: 143.94
line: 2013-10-21,186.12 pos: 10
key: 2013-10-21
value: 186.12
line: 2013-10-24,203.7 pos: 10
key: 2013-10-24
value: 203.7
line: 2013-10-27,179.56 pos: 10
key: 2013-10-27
value: 179.56
line: 2013-10-29,216 pos: 10
key: 2013-10-29
value: 216
line: 2013-11-01,203 pos: 10
key: 2013-11-01
value: 203
line: 2013-11-04,229.95 pos: 10
key: 2013-11-04
value: 229.95
line: 2013-11-07,291.02 pos: 10
key: 2013-11-07
value: 291.02
line: 2013-11-10,328 pos: 10
key: 2013-11-10
value: 328
line: 2013-11-13,393 pos: 10
key: 2013-11-13
value: 393
line: 2013-11-16,437.24 pos: 10
key: 2013-11-16
value: 437.24
line: 2013-11-19,547 pos: 10
key: 2013-11-19
value: 547
line: 2013-11-22,795 pos: 10
key: 2013-11-22
value: 795
line: 2013-11-25,814.56 pos: 10
key: 2013-11-25
value: 814.56
line: 2013-11-28,1014.1 pos: 10
key: 2013-11-28
value: 1014.1
line: 2013-12-01,955.01 pos: 10
key: 2013-12-01
value: 955.01
line: 2013-12-04,1136.9 pos: 10
key: 2013-12-04
value: 1136.9
line: 2013-12-07,705.91 pos: 10
key: 2013-12-07
value: 705.91
line: 2013-12-10,978.76 pos: 10
key: 2013-12-10
value: 978.76
line: 2013-12-13,885 pos: 10
key: 2013-12-13
value: 885
line: 2013-12-16,690 pos: 10
key: 2013-12-16
value: 690
line: 2013-12-19,685.3 pos: 10
key: 2013-12-19
value: 685.3
line: 2013-12-22,614.11 pos: 10
key: 2013-12-22
value: 614.11
line: 2013-12-25,679.02 pos: 10
key: 2013-12-25
value: 679.02
line: 2013-12-28,715 pos: 10
key: 2013-12-28
value: 715
line: 2013-12-31,732 pos: 10
key: 2013-12-31
value: 732
line: 2014-01-03,807.39 pos: 10
key: 2014-01-03
value: 807.39
line: 2014-01-06,915.69 pos: 10
key: 2014-01-06
value: 915.69
line: 2014-01-09,826.28 pos: 10
key: 2014-01-09
value: 826.28
line: 2014-01-12,844.04 pos: 10
key: 2014-01-12
value: 844.04
line: 2014-01-15,841.83 pos: 10
key: 2014-01-15
value: 841.83
line: 2014-01-18,811.2 pos: 10
key: 2014-01-18
value: 811.2
line: 2014-01-21,824.78 pos: 10
key: 2014-01-21
value: 824.78
line: 2014-01-24,780.02 pos: 10
key: 2014-01-24
value: 780.02
line: 2014-01-27,747.57 pos: 10
key: 2014-01-27
value: 747.57
line: 2014-01-30,800 pos: 10
key: 2014-01-30
value: 800
line: 2014-02-02,814.34 pos: 10
key: 2014-02-02
value: 814.34
line: 2014-02-05,781 pos: 10
key: 2014-02-05
value: 781
line: 2014-02-08,680.8 pos: 10
key: 2014-02-08
value: 680.8
line: 2014-02-11,675.1 pos: 10
key: 2014-02-11
value: 675.1
line: 2014-02-14,670.29 pos: 10
key: 2014-02-14
value: 670.29
line: 2014-02-17,629.96 pos: 10
key: 2014-02-17
value: 629.96
line: 2014-02-20,563 pos: 10
key: 2014-02-20
value: 563
line: 2014-02-23,611.05 pos: 10
key: 2014-02-23
value: 611.05
line: 2014-02-26,585.21 pos: 10
key: 2014-02-26
value: 585.21
line: 2014-03-01,567.48 pos: 10
key: 2014-03-01
value: 567.48
line: 2014-03-04,673.28 pos: 10
key: 2014-03-04
value: 673.28
line: 2014-03-07,631.99 pos: 10
key: 2014-03-07
value: 631.99
line: 2014-03-10,629.33 pos: 10
key: 2014-03-10
value: 629.33
line: 2014-03-13,641.01 pos: 10
key: 2014-03-13
value: 641.01
line: 2014-03-16,634.99 pos: 10
key: 2014-03-16
value: 634.99
line: 2014-03-19,611.2 pos: 10
key: 2014-03-19
value: 611.2
line: 2014-03-22,563.01 pos: 10
key: 2014-03-22
value: 563.01
line: 2014-03-25,585.79 pos: 10
key: 2014-03-25
value: 585.79
line: 2014-03-28,499.6 pos: 10
key: 2014-03-28
value: 499.6
line: 2014-04-01,457.49 pos: 10
key: 2014-04-01
value: 457.49
line: 2014-04-04,448.72 pos: 10
key: 2014-04-04
value: 448.72
line: 2014-04-07,458 pos: 10
key: 2014-04-07
value: 458
line: 2014-04-10,441.93 pos: 10
key: 2014-04-10
value: 441.93
line: 2014-04-13,423.37 pos: 10
key: 2014-04-13
value: 423.37
line: 2014-04-16,523 pos: 10
key: 2014-04-16
value: 523
line: 2014-04-19,482.11 pos: 10
key: 2014-04-19
value: 482.11
line: 2014-04-22,498.38 pos: 10
key: 2014-04-22
value: 498.38
line: 2014-04-25,502.15 pos: 10
key: 2014-04-25
value: 502.15
line: 2014-04-28,438.8 pos: 10
key: 2014-04-28
value: 438.8
line: 2014-05-01,452.03 pos: 10
key: 2014-05-01
value: 452.03
line: 2014-05-04,440 pos: 10
key: 2014-05-04
value: 440
line: 2014-05-07,428.01 pos: 10
key: 2014-05-07
value: 428.01
line: 2014-05-10,449 pos: 10
key: 2014-05-10
value: 449
line: 2014-05-13,442.45 pos: 10
key: 2014-05-13
value: 442.45
line: 2014-05-16,446.53 pos: 10
key: 2014-05-16
value: 446.53
line: 2014-05-19,446.89 pos: 10
key: 2014-05-19
value: 446.89
line: 2014-05-22,493.97 pos: 10
key: 2014-05-22
value: 493.97
line: 2014-05-25,527.91 pos: 10
key: 2014-05-25
value: 527.91
line: 2014-05-28,572.7 pos: 10
key: 2014-05-28
value: 572.7
line: 2014-05-31,621.3 pos: 10
key: 2014-05-31
value: 621.3
line: 2014-06-03,662 pos: 10
key: 2014-06-03
value: 662
line: 2014-06-06,661.48 pos: 10
key: 2014-06-06
value: 661.48
line: 2014-06-09,657.11 pos: 10
key: 2014-06-09
value: 657.11
line: 2014-06-12,624.97 pos: 10
key: 2014-06-12
value: 624.97
line: 2014-06-15,572.28 pos: 10
key: 2014-06-15
value: 572.28
line: 2014-06-18,608 pos: 10
key: 2014-06-18
value: 608
line: 2014-06-21,593.48 pos: 10
key: 2014-06-21
value: 593.48
line: 2014-06-24,588.25 pos: 10
key: 2014-06-24
value: 588.25
line: 2014-06-27,577.34 pos: 10
key: 2014-06-27
value: 577.34
line: 2014-06-30,599.99 pos: 10
key: 2014-06-30
value: 599.99
line: 2014-07-03,650.49 pos: 10
key: 2014-07-03
value: 650.49
line: 2014-07-06,631 pos: 10
key: 2014-07-06
value: 631
line: 2014-07-09,624.97 pos: 10
key: 2014-07-09
value: 624.97
line: 2014-07-12,634 pos: 10
key: 2014-07-12
value: 634
line: 2014-07-15,621.21 pos: 10
key: 2014-07-15
value: 621.21
line: 2014-07-18,625.8 pos: 10
key: 2014-07-18
value: 625.8
line: 2014-07-21,627 pos: 10
key: 2014-07-21
value: 627
line: 2014-07-24,620.43 pos: 10
key: 2014-07-24
value: 620.43
line: 2014-07-27,595.9 pos: 10
key: 2014-07-27
value: 595.9
line: 2014-07-30,585.5 pos: 10
key: 2014-07-30
value: 585.5
line: 2014-08-02,595.76 pos: 10
key: 2014-08-02
value: 595.76
line: 2014-08-05,588.5 pos: 10
key: 2014-08-05
value: 588.5
line: 2014-08-08,585.02 pos: 10
key: 2014-08-08
value: 585.02
line: 2014-08-11,590.74 pos: 10
key: 2014-08-11
value: 590.74
line: 2014-08-14,549.98 pos: 10
key: 2014-08-14
value: 549.98
line: 2014-08-17,523.88 pos: 10
key: 2014-08-17
value: 523.88
line: 2014-08-20,490 pos: 10
key: 2014-08-20
value: 490
line: 2014-08-23,515.69 pos: 10
key: 2014-08-23
value: 515.69
line: 2014-08-26,501.55 pos: 10
key: 2014-08-26
value: 501.55
line: 2014-08-29,506.61 pos: 10
key: 2014-08-29
value: 506.61
line: 2014-09-01,478.87 pos: 10
key: 2014-09-01
value: 478.87
line: 2014-09-04,474.5 pos: 10
key: 2014-09-04
value: 474.5
line: 2014-09-07,479.59 pos: 10
key: 2014-09-07
value: 479.59
line: 2014-09-10,473.35 pos: 10
key: 2014-09-10
value: 473.35
line: 2014-09-13,474.62 pos: 10
key: 2014-09-13
value: 474.62
line: 2014-09-16,470.83 pos: 10
key: 2014-09-16
value: 470.83
line: 2014-09-19,425.56 pos: 10
key: 2014-09-19
value: 425.56
line: 2014-09-22,401.15 pos: 10
key: 2014-09-22
value: 401.15
line: 2014-09-25,423.68 pos: 10
key: 2014-09-25
value: 423.68
line: 2014-09-28,400.39 pos: 10
key: 2014-09-28
value: 400.39
line: 2014-10-01,390.18 pos: 10
key: 2014-10-01
value: 390.18
line: 2014-10-04,358.9 pos: 10
key: 2014-10-04
value: 358.9
line: 2014-10-07,327.61 pos: 10
key: 2014-10-07
value: 327.61
line: 2014-10-10,363.61 pos: 10
key: 2014-10-10
value: 363.61
line: 2014-10-13,380.8 pos: 10
key: 2014-10-13
value: 380.8
line: 2014-10-16,394.84 pos: 10
key: 2014-10-16
value: 394.84
line: 2014-10-19,391 pos: 10
key: 2014-10-19
value: 391
line: 2014-10-22,385.89 pos: 10
key: 2014-10-22
value: 385.89
line: 2014-10-25,358.49 pos: 10
key: 2014-10-25
value: 358.49
line: 2014-10-27,350.9 pos: 10
key: 2014-10-27
value: 350.9
line: 2014-10-30,345.3 pos: 10
key: 2014-10-30
value: 345.3
line: 2014-11-02,324.36 pos: 10
key: 2014-11-02
value: 324.36
line: 2014-11-05,338.63 pos: 10
key: 2014-11-05
value: 338.63
line: 2014-11-08,346.94 pos: 10
key: 2014-11-08
value: 346.94
line: 2014-11-11,369.41 pos: 10
key: 2014-11-11
value: 369.41
line: 2014-11-14,399.11 pos: 10
key: 2014-11-14
value: 399.11
line: 2014-11-17,388.87 pos: 10
key: 2014-11-17
value: 388.87
line: 2014-11-20,356.47 pos: 10
key: 2014-11-20
value: 356.47
line: 2014-11-23,367.12 pos: 10
key: 2014-11-23
value: 367.12
line: 2014-11-26,366.86 pos: 10
key: 2014-11-26
value: 366.86
line: 2014-11-29,375.59 pos: 10
key: 2014-11-29
value: 375.59
line: 2014-12-02,379.62 pos: 10
key: 2014-12-02
value: 379.62
line: 2014-12-05,376 pos: 10
key: 2014-12-05
value: 376
line: 2014-12-08,362.99 pos: 10
key: 2014-12-08
value: 362.99
line: 2014-12-11,348.97 pos: 10
key: 2014-12-11
value: 348.97
line: 2014-12-14,357.8 pos: 10
key: 2014-12-14
value: 357.8
line: 2014-12-17,321.34 pos: 10
key: 2014-12-17
value: 321.34
line: 2014-12-20,331.52 pos: 10
key: 2014-12-20
value: 331.52
line: 2014-12-23,336.95 pos: 10
key: 2014-12-23
value: 336.95
line: 2014-12-26,329.94 pos: 10
key: 2014-12-26
value: 329.94
line: 2014-12-29,313.4 pos: 10
key: 2014-12-29
value: 313.4
line: 2015-01-01,314.81 pos: 10
key: 2015-01-01
value: 314.81
line: 2015-01-04,263.17 pos: 10
key: 2015-01-04
value: 263.17
line: 2015-01-07,297.99 pos: 10
key: 2015-01-07
value: 297.99
line: 2015-01-10,275.97 pos: 10
key: 2015-01-10
value: 275.97
line: 2015-01-13,222 pos: 10
key: 2015-01-13
value: 222
line: 2015-01-16,208.13 pos: 10
key: 2015-01-16
value: 208.13
line: 2015-01-19,216.01 pos: 10
key: 2015-01-19
value: 216.01
line: 2015-01-22,233.51 pos: 10
key: 2015-01-22
value: 233.51
line: 2015-01-25,254.32 pos: 10
key: 2015-01-25
value: 254.32
line: 2015-01-28,236.2 pos: 10
key: 2015-01-28
value: 236.2
line: 2015-01-31,219.25 pos: 10
key: 2015-01-31
value: 219.25
line: 2015-02-03,227.53 pos: 10
key: 2015-02-03
value: 227.53
line: 2015-02-06,222.36 pos: 10
key: 2015-02-06
value: 222.36
line: 2015-02-09,219.93 pos: 10
key: 2015-02-09
value: 219.93
line: 2015-02-12,222.33 pos: 10
key: 2015-02-12
value: 222.33
line: 2015-02-15,234.18 pos: 10
key: 2015-02-15
value: 234.18
line: 2015-02-18,237.44 pos: 10
key: 2015-02-18
value: 237.44
line: 2015-02-21,245.41 pos: 10
key: 2015-02-21
value: 245.41
line: 2015-02-24,239.94 pos: 10
key: 2015-02-24
value: 239.94
line: 2015-02-27,252.11 pos: 10
key: 2015-02-27
value: 252.11
line: 2015-03-02,275.87 pos: 10
key: 2015-03-02
value: 275.87
line: 2015-03-05,273.11 pos: 10
key: 2015-03-05
value: 273.11
line: 2015-03-08,275 pos: 10
key: 2015-03-08
value: 275
line: 2015-03-11,296.56 pos: 10
key: 2015-03-11
value: 296.56
line: 2015-03-14,282.2 pos: 10
key: 2015-03-14
value: 282.2
line: 2015-03-17,284.48 pos: 10
key: 2015-03-17
value: 284.48
line: 2015-03-20,262.1 pos: 10
key: 2015-03-20
value: 262.1
line: 2015-03-23,265.99 pos: 10
key: 2015-03-23
value: 265.99
line: 2015-03-26,249.23 pos: 10
key: 2015-03-26
value: 249.23
line: 2015-03-30,242.34 pos: 10
key: 2015-03-30
value: 242.34
line: 2015-04-02,246.49 pos: 10
key: 2015-04-02
value: 246.49
line: 2015-04-05,253.67 pos: 10
key: 2015-04-05
value: 253.67
line: 2015-04-08,253.9 pos: 10
key: 2015-04-08
value: 253.9
line: 2015-04-11,236 pos: 10
key: 2015-04-11
value: 236
line: 2015-04-14,223.01 pos: 10
key: 2015-04-14
value: 223.01
line: 2015-04-17,227.5 pos: 10
key: 2015-04-17
value: 227.5
line: 2015-04-20,222.61 pos: 10
key: 2015-04-20
value: 222.61
line: 2015-04-23,233.59 pos: 10
key: 2015-04-23
value: 233.59
line: 2015-04-26,226.29 pos: 10
key: 2015-04-26
value: 226.29
line: 2015-04-29,225.2 pos: 10
key: 2015-04-29
value: 225.2
line: 2015-05-02,230.97 pos: 10
key: 2015-05-02
value: 230.97
line: 2015-05-05,238.25 pos: 10
key: 2015-05-05
value: 238.25
line: 2015-05-08,237.16 pos: 10
key: 2015-05-08
value: 237.16
line: 2015-05-11,239.11 pos: 10
key: 2015-05-11
value: 239.11
line: 2015-05-14,235.97 pos: 10
key: 2015-05-14
value: 235.97
line: 2015-05-17,236.63 pos: 10
key: 2015-05-17
value: 236.63
line: 2015-05-20,231.4 pos: 10
key: 2015-05-20
value: 231.4
line: 2015-05-23,238.8 pos: 10
key: 2015-05-23
value: 238.8
line: 2015-05-26,235.59 pos: 10
key: 2015-05-26
value: 235.59
line: 2015-05-29,236.44 pos: 10
key: 2015-05-29
value: 236.44
line: 2015-06-01,228.34 pos: 10
key: 2015-06-01
value: 228.34
line: 2015-06-04,225.4 pos: 10
key: 2015-06-04
value: 225.4
line: 2015-06-07,224.99 pos: 10
key: 2015-06-07
value: 224.99
line: 2015-06-10,228.88 pos: 10
key: 2015-06-10
value: 228.88
line: 2015-06-13,229.6 pos: 10
key: 2015-06-13
value: 229.6
line: 2015-06-16,236 pos: 10
key: 2015-06-16
value: 236
line: 2015-06-19,248.26 pos: 10
key: 2015-06-19
value: 248.26
line: 2015-06-22,243.55 pos: 10
key: 2015-06-22
value: 243.55
line: 2015-06-25,240.2 pos: 10
key: 2015-06-25
value: 240.2
line: 2015-06-28,251.21 pos: 10
key: 2015-06-28
value: 251.21
line: 2015-07-01,262.43 pos: 10
key: 2015-07-01
value: 262.43
line: 2015-07-04,256.12 pos: 10
key: 2015-07-04
value: 256.12
line: 2015-07-07,268.53 pos: 10
key: 2015-07-07
value: 268.53
line: 2015-07-10,269 pos: 10
key: 2015-07-10
value: 269
line: 2015-07-13,310.55 pos: 10
key: 2015-07-13
value: 310.55
line: 2015-07-16,285.66 pos: 10
key: 2015-07-16
value: 285.66
line: 2015-07-19,276.74 pos: 10
key: 2015-07-19
value: 276.74
line: 2015-07-22,276.76 pos: 10
key: 2015-07-22
value: 276.76
line: 2015-07-25,289 pos: 10
key: 2015-07-25
value: 289
line: 2015-07-28,293.93 pos: 10
key: 2015-07-28
value: 293.93
line: 2015-07-31,288.45 pos: 10
key: 2015-07-31
value: 288.45
line: 2015-08-03,282.26 pos: 10
key: 2015-08-03
value: 282.26
line: 2015-08-06,281 pos: 10
key: 2015-08-06
value: 281
line: 2015-08-09,262.22 pos: 10
key: 2015-08-09
value: 262.22
line: 2015-08-12,270.98 pos: 10
key: 2015-08-12
value: 270.98
line: 2015-08-15,265.93 pos: 10
key: 2015-08-15
value: 265.93
line: 2015-08-18,256.66 pos: 10
key: 2015-08-18
value: 256.66
line: 2015-08-21,235.31 pos: 10
key: 2015-08-21
value: 235.31
line: 2015-08-24,228.14 pos: 10
key: 2015-08-24
value: 228.14
line: 2015-08-27,225.04 pos: 10
key: 2015-08-27
value: 225.04
line: 2015-08-30,229.63 pos: 10
key: 2015-08-30
value: 229.63
line: 2015-09-02,227.97 pos: 10
key: 2015-09-02
value: 227.97
line: 2015-09-05,230.73 pos: 10
key: 2015-09-05
value: 230.73
line: 2015-09-08,240.47 pos: 10
key: 2015-09-08
value: 240.47
line: 2015-09-11,238.81 pos: 10
key: 2015-09-11
value: 238.81
line: 2015-09-14,230 pos: 10
key: 2015-09-14
value: 230
line: 2015-09-17,228.33 pos: 10
key: 2015-09-17
value: 228.33
line: 2015-09-20,230.25 pos: 10
key: 2015-09-20
value: 230.25
line: 2015-09-23,230.42 pos: 10
key: 2015-09-23
value: 230.42
line: 2015-09-26,235.22 pos: 10
key: 2015-09-26
value: 235.22
line: 2015-09-29,239.14 pos: 10
key: 2015-09-29
value: 239.14
line: 2015-10-02,238.03 pos: 10
key: 2015-10-02
value: 238.03
line: 2015-10-05,238.4 pos: 10
key: 2015-10-05
value: 238.4
line: 2015-10-08,243.01 pos: 10
key: 2015-10-08
value: 243.01
line: 2015-10-11,245.72 pos: 10
key: 2015-10-11
value: 245.72
line: 2015-10-14,249.98 pos: 10
key: 2015-10-14
value: 249.98
line: 2015-10-17,262.26 pos: 10
key: 2015-10-17
value: 262.26
line: 2015-10-20,263.59 pos: 10
key: 2015-10-20
value: 263.59
line: 2015-10-23,274.35 pos: 10
key: 2015-10-23
value: 274.35
line: 2015-10-25,282.8 pos: 10
key: 2015-10-25
value: 282.8
line: 2015-10-28,304.79 pos: 10
key: 2015-10-28
value: 304.79
line: 2015-10-31,310.18 pos: 10
key: 2015-10-31
value: 310.18
line: 2015-11-03,404.5 pos: 10
key: 2015-11-03
value: 404.5
line: 2015-11-06,373.69 pos: 10
key: 2015-11-06
value: 373.69
line: 2015-11-09,380.62 pos: 10
key: 2015-11-09
value: 380.62
line: 2015-11-12,340.81 pos: 10
key: 2015-11-12
value: 340.81
line: 2015-11-15,318.97 pos: 10
key: 2015-11-15
value: 318.97
line: 2015-11-18,333.66 pos: 10
key: 2015-11-18
value: 333.66
line: 2015-11-21,326.31 pos: 10
key: 2015-11-21
value: 326.31
line: 2015-11-24,319.64 pos: 10
key: 2015-11-24
value: 319.64
line: 2015-11-27,358 pos: 10
key: 2015-11-27
value: 358
line: 2015-11-30,377.27 pos: 10
key: 2015-11-30
value: 377.27
line: 2015-12-03,361.47 pos: 10
key: 2015-12-03
value: 361.47
line: 2015-12-06,387.3 pos: 10
key: 2015-12-06
value: 387.3
line: 2015-12-09,416.49 pos: 10
key: 2015-12-09
value: 416.49
line: 2015-12-12,436.2 pos: 10
key: 2015-12-12
value: 436.2
line: 2015-12-15,463.98 pos: 10
key: 2015-12-15
value: 463.98
line: 2015-12-18,463 pos: 10
key: 2015-12-18
value: 463
line: 2015-12-21,438.35 pos: 10
key: 2015-12-21
value: 438.35
line: 2015-12-24,456 pos: 10
key: 2015-12-24
value: 456
line: 2015-12-27,422.42 pos: 10
key: 2015-12-27
value: 422.42
line: 2015-12-30,428.23 pos: 10
key: 2015-12-30
value: 428.23
line: 2016-01-02,432.76 pos: 10
key: 2016-01-02
value: 432.76
line: 2016-01-05,432.43 pos: 10
key: 2016-01-05
value: 432.43
line: 2016-01-08,452.64 pos: 10
key: 2016-01-08
value: 452.64
line: 2016-01-11,447.98 pos: 10
key: 2016-01-11
value: 447.98
line: 2016-01-14,429.55 pos: 10
key: 2016-01-14
value: 429.55
line: 2016-01-17,380.16 pos: 10
key: 2016-01-17
value: 380.16
line: 2016-01-20,420.35 pos: 10
key: 2016-01-20
value: 420.35
line: 2016-01-23,385.09 pos: 10
key: 2016-01-23
value: 385.09
line: 2016-01-26,391.66 pos: 10
key: 2016-01-26
value: 391.66
line: 2016-01-29,378.18 pos: 10
key: 2016-01-29
value: 378.18
line: 2016-02-01,371.99 pos: 10
key: 2016-02-01
value: 371.99
line: 2016-02-04,388 pos: 10
key: 2016-02-04
value: 388
line: 2016-02-07,375 pos: 10
key: 2016-02-07
value: 375
line: 2016-02-10,379.14 pos: 10
key: 2016-02-10
value: 379.14
line: 2016-02-13,389.88 pos: 10
key: 2016-02-13
value: 389.88
line: 2016-02-16,407 pos: 10
key: 2016-02-16
value: 407
line: 2016-02-19,419.98 pos: 10
key: 2016-02-19
value: 419.98
line: 2016-02-22,436.76 pos: 10
key: 2016-02-22
value: 436.76
line: 2016-02-25,423.46 pos: 10
key: 2016-02-25
value: 423.46
line: 2016-02-28,431.89 pos: 10
key: 2016-02-28
value: 431.89
line: 2016-03-02,422.5 pos: 10
key: 2016-03-02
value: 422.5
line: 2016-03-05,399.17 pos: 10
key: 2016-03-05
value: 399.17
line: 2016-03-08,412.15 pos: 10
key: 2016-03-08
value: 412.15
line: 2016-03-11,420.11 pos: 10
key: 2016-03-11
value: 420.11
line: 2016-03-14,414.99 pos: 10
key: 2016-03-14
value: 414.99
line: 2016-03-17,418.49 pos: 10
key: 2016-03-17
value: 418.49
line: 2016-03-20,411.81 pos: 10
key: 2016-03-20
value: 411.81
line: 2016-03-23,417.96 pos: 10
key: 2016-03-23
value: 417.96
line: 2016-03-26,416.96 pos: 10
key: 2016-03-26
value: 416.96
line: 2016-03-30,415.83 pos: 10
key: 2016-03-30
value: 415.83
line: 2016-04-02,416.31 pos: 10
key: 2016-04-02
value: 416.31
line: 2016-04-05,419.71 pos: 10
key: 2016-04-05
value: 419.71
line: 2016-04-08,419.95 pos: 10
key: 2016-04-08
value: 419.95
line: 2016-04-11,420.75 pos: 10
key: 2016-04-11
value: 420.75
line: 2016-04-14,423.87 pos: 10
key: 2016-04-14
value: 423.87
line: 2016-04-17,430.58 pos: 10
key: 2016-04-17
value: 430.58
line: 2016-04-20,435.95 pos: 10
key: 2016-04-20
value: 435.95
line: 2016-04-23,447.7 pos: 10
key: 2016-04-23
value: 447.7
line: 2016-04-26,462.5 pos: 10
key: 2016-04-26
value: 462.5
line: 2016-04-29,449.98 pos: 10
key: 2016-04-29
value: 449.98
line: 2016-05-02,453 pos: 10
key: 2016-05-02
value: 453
line: 2016-05-05,446.84 pos: 10
key: 2016-05-05
value: 446.84
line: 2016-05-08,459.02 pos: 10
key: 2016-05-08
value: 459.02
line: 2016-05-11,450.78 pos: 10
key: 2016-05-11
value: 450.78
line: 2016-05-14,455.82 pos: 10
key: 2016-05-14
value: 455.82
line: 2016-05-17,454 pos: 10
key: 2016-05-17
value: 454
line: 2016-05-20,436.05 pos: 10
key: 2016-05-20
value: 436.05
line: 2016-05-23,438.47 pos: 10
key: 2016-05-23
value: 438.47
line: 2016-05-26,448.7 pos: 10
key: 2016-05-26
value: 448.7
line: 2016-05-29,526.64 pos: 10
key: 2016-05-29
value: 526.64
line: 2016-06-01,531.97 pos: 10
key: 2016-06-01
value: 531.97
line: 2016-06-04,567.88 pos: 10
key: 2016-06-04
value: 567.88
line: 2016-06-07,583.72 pos: 10
key: 2016-06-07
value: 583.72
line: 2016-06-10,574.32 pos: 10
key: 2016-06-10
value: 574.32
line: 2016-06-13,665.85 pos: 10
key: 2016-06-13
value: 665.85
line: 2016-06-16,693.88 pos: 10
key: 2016-06-16
value: 693.88
line: 2016-06-19,751.96 pos: 10
key: 2016-06-19
value: 751.96
line: 2016-06-22,664.46 pos: 10
key: 2016-06-22
value: 664.46
line: 2016-06-25,665 pos: 10
key: 2016-06-25
value: 665
line: 2016-06-28,651.85 pos: 10
key: 2016-06-28
value: 651.85
line: 2016-07-01,667.95 pos: 10
key: 2016-07-01
value: 667.95
line: 2016-07-04,656.97 pos: 10
key: 2016-07-04
value: 656.97
line: 2016-07-07,673.76 pos: 10
key: 2016-07-07
value: 673.76
line: 2016-07-10,647.41 pos: 10
key: 2016-07-10
value: 647.41
line: 2016-07-13,664.5 pos: 10
key: 2016-07-13
value: 664.5
line: 2016-07-16,663.19 pos: 10
key: 2016-07-16
value: 663.19
line: 2016-07-19,673.46 pos: 10
key: 2016-07-19
value: 673.46
line: 2016-07-22,664 pos: 10
key: 2016-07-22
value: 664
line: 2016-07-25,661.48 pos: 10
key: 2016-07-25
value: 661.48
line: 2016-07-28,655.37 pos: 10
key: 2016-07-28
value: 655.37
line: 2016-07-31,654.68 pos: 10
key: 2016-07-31
value: 654.68
line: 2016-08-03,530.74 pos: 10
key: 2016-08-03
value: 530.74
line: 2016-08-06,572.72 pos: 10
key: 2016-08-06
value: 572.72
line: 2016-08-09,591.69 pos: 10
key: 2016-08-09
value: 591.69
line: 2016-08-12,586.01 pos: 10
key: 2016-08-12
value: 586.01
line: 2016-08-15,567.34 pos: 10
key: 2016-08-15
value: 567.34
line: 2016-08-18,570.92 pos: 10
key: 2016-08-18
value: 570.92
line: 2016-08-21,577.52 pos: 10
key: 2016-08-21
value: 577.52
line: 2016-08-24,581.98 pos: 10
key: 2016-08-24
value: 581.98
line: 2016-08-27,577.77 pos: 10
key: 2016-08-27
value: 577.77
line: 2016-08-30,571.5 pos: 10
key: 2016-08-30
value: 571.5
line: 2016-09-02,571 pos: 10
key: 2016-09-02
value: 571
line: 2016-09-05,603.95 pos: 10
key: 2016-09-05
value: 603.95
line: 2016-09-08,615.33 pos: 10
key: 2016-09-08
value: 615.33
line: 2016-09-11,621.65 pos: 10
key: 2016-09-11
value: 621.65
line: 2016-09-14,608.82 pos: 10
key: 2016-09-14
value: 608.82
line: 2016-09-17,607.04 pos: 10
key: 2016-09-17
value: 607.04
line: 2016-09-20,608.66 pos: 10
key: 2016-09-20
value: 608.66
line: 2016-09-23,594.08 pos: 10
key: 2016-09-23
value: 594.08
line: 2016-09-26,598.98 pos: 10
key: 2016-09-26
value: 598.98
line: 2016-09-29,603.85 pos: 10
key: 2016-09-29
value: 603.85
line: 2016-10-02,612.98 pos: 10
key: 2016-10-02
value: 612.98
line: 2016-10-05,607.18 pos: 10
key: 2016-10-05
value: 607.18
line: 2016-10-08,614.74 pos: 10
key: 2016-10-08
value: 614.74
line: 2016-10-11,614.77 pos: 10
key: 2016-10-11
value: 614.77
line: 2016-10-14,634.02 pos: 10
key: 2016-10-14
value: 634.02
line: 2016-10-17,638.97 pos: 10
key: 2016-10-17
value: 638.97
line: 2016-10-20,627.72 pos: 10
key: 2016-10-20
value: 627.72
line: 2016-10-23,653.25 pos: 10
key: 2016-10-23
value: 653.25
line: 2016-10-26,651.45 pos: 10
key: 2016-10-26
value: 651.45
line: 2016-10-29,685.91 pos: 10
key: 2016-10-29
value: 685.91
line: 2016-10-31,697.01 pos: 10
key: 2016-10-31
value: 697.01
line: 2016-11-03,683.69 pos: 10
key: 2016-11-03
value: 683.69
line: 2016-11-06,709.96 pos: 10
key: 2016-11-06
value: 709.96
line: 2016-11-09,721.5 pos: 10
key: 2016-11-09
value: 721.5
line: 2016-11-12,702.28 pos: 10
key: 2016-11-12
value: 702.28
line: 2016-11-15,711.73 pos: 10
key: 2016-11-15
value: 711.73
line: 2016-11-18,748.98 pos: 10
key: 2016-11-18
value: 748.98
line: 2016-11-21,736.97 pos: 10
key: 2016-11-21
value: 736.97
line: 2016-11-24,735.64 pos: 10
key: 2016-11-24
value: 735.64
line: 2016-11-27,727.31 pos: 10
key: 2016-11-27
value: 727.31
line: 2016-11-30,742.05 pos: 10
key: 2016-11-30
value: 742.05
line: 2016-12-03,762.97 pos: 10
key: 2016-12-03
value: 762.97
line: 2016-12-06,758.99 pos: 10
key: 2016-12-06
value: 758.99
line: 2016-12-09,769.08 pos: 10
key: 2016-12-09
value: 769.08
line: 2016-12-12,777.99 pos: 10
key: 2016-12-12
value: 777.99
line: 2016-12-15,775.88 pos: 10
key: 2016-12-15
value: 775.88
line: 2016-12-18,788.67 pos: 10
key: 2016-12-18
value: 788.67
line: 2016-12-21,834.97 pos: 10
key: 2016-12-21
value: 834.97
line: 2016-12-24,892.6 pos: 10
key: 2016-12-24
value: 892.6
line: 2016-12-27,930.34 pos: 10
key: 2016-12-27
value: 930.34
line: 2016-12-30,958.12 pos: 10
key: 2016-12-30
value: 958.12
line: 2017-01-02,1013.42 pos: 10
key: 2017-01-02
value: 1013.42
line: 2017-01-05,999.65 pos: 10
key: 2017-01-05
value: 999.65
line: 2017-01-08,910.49 pos: 10
key: 2017-01-08
value: 910.49
line: 2017-01-11,780.92 pos: 10
key: 2017-01-11
value: 780.92
line: 2017-01-14,819.55 pos: 10
key: 2017-01-14
value: 819.55
line: 2017-01-17,906.6 pos: 10
key: 2017-01-17
value: 906.6
line: 2017-01-20,895.64 pos: 10
key: 2017-01-20
value: 895.64
line: 2017-01-23,919.97 pos: 10
key: 2017-01-23
value: 919.97
line: 2017-01-26,915.05 pos: 10
key: 2017-01-26
value: 915.05
line: 2017-01-29,912.19 pos: 10
key: 2017-01-29
value: 912.19
line: 2017-02-01,983.42 pos: 10
key: 2017-02-01
value: 983.42
line: 2017-02-04,1034.07 pos: 10
key: 2017-02-04
value: 1034.07
line: 2017-02-07,1052.84 pos: 10
key: 2017-02-07
value: 1052.84
line: 2017-02-10,997.59 pos: 10
key: 2017-02-10
value: 997.59
line: 2017-02-13,1001.2 pos: 10
key: 2017-02-13
value: 1001.2
line: 2017-02-16,1035.2 pos: 10
key: 2017-02-16
value: 1035.2
line: 2017-02-19,1050.87 pos: 10
key: 2017-02-19
value: 1050.87
line: 2017-02-22,1130.01 pos: 10
key: 2017-02-22
value: 1130.01
line: 2017-02-25,1150.37 pos: 10
key: 2017-02-25
value: 1150.37
line: 2017-02-28,1190.89 pos: 10
key: 2017-02-28
value: 1190.89
line: 2017-03-03,1287 pos: 10
key: 2017-03-03
value: 1287
line: 2017-03-06,1279.5 pos: 10
key: 2017-03-06
value: 1279.5
line: 2017-03-09,1192.09 pos: 10
key: 2017-03-09
value: 1192.09
line: 2017-03-12,1227.68 pos: 10
key: 2017-03-12
value: 1227.68
line: 2017-03-15,1257 pos: 10
key: 2017-03-15
value: 1257
line: 2017-03-18,967.69 pos: 10
key: 2017-03-18
value: 967.69
line: 2017-03-21,1113 pos: 10
key: 2017-03-21
value: 1113
line: 2017-03-24,927.93 pos: 10
key: 2017-03-24
value: 927.93
line: 2017-03-28,1041.04 pos: 10
key: 2017-03-28
value: 1041.04
line: 2017-03-31,1034.74 pos: 10
key: 2017-03-31
value: 1034.74
line: 2017-04-03,1079.99 pos: 10
key: 2017-04-03
value: 1079.99
line: 2017-04-06,1133.53 pos: 10
key: 2017-04-06
value: 1133.53
line: 2017-04-09,1184.03 pos: 10
key: 2017-04-09
value: 1184.03
line: 2017-04-12,1219.09 pos: 10
key: 2017-04-12
value: 1219.09
line: 2017-04-15,1170.36 pos: 10
key: 2017-04-15
value: 1170.36
line: 2017-04-18,1176.97 pos: 10
key: 2017-04-18
value: 1176.97
line: 2017-04-21,1236.63 pos: 10
key: 2017-04-21
value: 1236.63
line: 2017-04-24,1240.84 pos: 10
key: 2017-04-24
value: 1240.84
line: 2017-04-27,1288.02 pos: 10
key: 2017-04-27
value: 1288.02
line: 2017-04-30,1333 pos: 10
key: 2017-04-30
value: 1333
line: 2017-05-03,1447.55 pos: 10
key: 2017-05-03
value: 1447.55
line: 2017-05-06,1518.75 pos: 10
key: 2017-05-06
value: 1518.75
line: 2017-05-09,1651.1 pos: 10
key: 2017-05-09
value: 1651.1
line: 2017-05-12,1829 pos: 10
key: 2017-05-12
value: 1829
line: 2017-05-15,1780 pos: 10
key: 2017-05-15
value: 1780
line: 2017-05-18,1783.98 pos: 10
key: 2017-05-18
value: 1783.98
line: 2017-05-21,2008.84 pos: 10
key: 2017-05-21
value: 2008.84
line: 2017-05-24,2256.32 pos: 10
key: 2017-05-24
value: 2256.32
line: 2017-05-27,2279.82 pos: 10
key: 2017-05-27
value: 2279.82
line: 2017-05-30,2290.02 pos: 10
key: 2017-05-30
value: 2290.02
line: 2017-06-02,2409.93 pos: 10
key: 2017-06-02
value: 2409.93
line: 2017-06-05,2529.53 pos: 10
key: 2017-06-05
value: 2529.53
line: 2017-06-08,2683.03 pos: 10
key: 2017-06-08
value: 2683.03
line: 2017-06-11,2898.63 pos: 10
key: 2017-06-11
value: 2898.63
line: 2017-06-14,2706 pos: 10
key: 2017-06-14
value: 2706
line: 2017-06-17,2477.94 pos: 10
key: 2017-06-17
value: 2477.94
line: 2017-06-20,2600 pos: 10
key: 2017-06-20
value: 2600
line: 2017-06-23,2713.48 pos: 10
key: 2017-06-23
value: 2713.48
line: 2017-06-26,2502.03 pos: 10
key: 2017-06-26
value: 2502.03
line: 2017-06-29,2558.3 pos: 10
key: 2017-06-29
value: 2558.3
line: 2017-07-02,2421.26 pos: 10
key: 2017-07-02
value: 2421.26
line: 2017-07-05,2598.89 pos: 10
key: 2017-07-05
value: 2598.89
line: 2017-07-08,2502.86 pos: 10
key: 2017-07-08
value: 2502.86
line: 2017-07-11,2327.09 pos: 10
key: 2017-07-11
value: 2327.09
line: 2017-07-14,2338.49 pos: 10
key: 2017-07-14
value: 2338.49
line: 2017-07-17,1910.96 pos: 10
key: 2017-07-17
value: 1910.96
line: 2017-07-20,2265.21 pos: 10
key: 2017-07-20
value: 2265.21
line: 2017-07-23,2825.51 pos: 10
key: 2017-07-23
value: 2825.51
line: 2017-07-26,2564.3 pos: 10
key: 2017-07-26
value: 2564.3
line: 2017-07-29,2784.8 pos: 10
key: 2017-07-29
value: 2784.8
line: 2017-08-01,2862.9 pos: 10
key: 2017-08-01
value: 2862.9
line: 2017-08-04,2790 pos: 10
key: 2017-08-04
value: 2790
line: 2017-08-07,3210.2 pos: 10
key: 2017-08-07
value: 3210.2
line: 2017-08-10,3340.28 pos: 10
key: 2017-08-10
value: 3340.28
line: 2017-08-13,3868.52 pos: 10
key: 2017-08-13
value: 3868.52
line: 2017-08-16,4179.97 pos: 10
key: 2017-08-16
value: 4179.97
line: 2017-08-19,4104.71 pos: 10
key: 2017-08-19
value: 4104.71
line: 2017-08-22,3986.28 pos: 10
key: 2017-08-22
value: 3986.28
line: 2017-08-25,4331.77 pos: 10
key: 2017-08-25
value: 4331.77
line: 2017-08-28,4339.05 pos: 10
key: 2017-08-28
value: 4339.05
line: 2017-08-31,4582.52 pos: 10
key: 2017-08-31
value: 4582.52
line: 2017-09-03,4585.57 pos: 10
key: 2017-09-03
value: 4585.57
line: 2017-09-06,4385.02 pos: 10
key: 2017-09-06
value: 4385.02
line: 2017-09-09,4312.26 pos: 10
key: 2017-09-09
value: 4312.26
line: 2017-09-12,4198.59 pos: 10
key: 2017-09-12
value: 4198.59
line: 2017-09-15,3216.43 pos: 10
key: 2017-09-15
value: 3216.43
line: 2017-09-18,3678.53 pos: 10
key: 2017-09-18
value: 3678.53
line: 2017-09-21,3894.48 pos: 10
key: 2017-09-21
value: 3894.48
line: 2017-09-24,3777.62 pos: 10
key: 2017-09-24
value: 3777.62
line: 2017-09-27,3881 pos: 10
key: 2017-09-27
value: 3881
line: 2017-09-30,4164.27 pos: 10
key: 2017-09-30
value: 4164.27
line: 2017-10-03,4394.07 pos: 10
key: 2017-10-03
value: 4394.07
line: 2017-10-06,4318.58 pos: 10
key: 2017-10-06
value: 4318.58
line: 2017-10-09,4605.66 pos: 10
key: 2017-10-09
value: 4605.66
line: 2017-10-12,4822.17 pos: 10
key: 2017-10-12
value: 4822.17
line: 2017-10-15,5825.99 pos: 10
key: 2017-10-15
value: 5825.99
line: 2017-10-18,5594.66 pos: 10
key: 2017-10-18
value: 5594.66
line: 2017-10-21,5986.44 pos: 10
key: 2017-10-21
value: 5986.44
line: 2017-10-24,5900.59 pos: 10
key: 2017-10-24
value: 5900.59
line: 2017-10-27,5889.82 pos: 10
key: 2017-10-27
value: 5889.82
line: 2017-10-29,6136.49 pos: 10
key: 2017-10-29
value: 6136.49
line: 2017-11-01,6751.98 pos: 10
key: 2017-11-01
value: 6751.98
line: 2017-11-04,7365.99 pos: 10
key: 2017-11-04
value: 7365.99
line: 2017-11-07,7128.64 pos: 10
key: 2017-11-07
value: 7128.64
line: 2017-11-10,6569.22 pos: 10
key: 2017-11-10
value: 6569.22
line: 2017-11-13,6493.63 pos: 10
key: 2017-11-13
value: 6493.63
line: 2017-11-16,7868.77 pos: 10
key: 2017-11-16
value: 7868.77
line: 2017-11-19,8049.72 pos: 10
key: 2017-11-19
value: 8049.72
line: 2017-11-22,8236.72 pos: 10
key: 2017-11-22
value: 8236.72
line: 2017-11-25,8768.8 pos: 10
key: 2017-11-25
value: 8768.8
line: 2017-11-28,9919 pos: 10
key: 2017-11-28
value: 9919
line: 2017-12-01,10879.88 pos: 10
key: 2017-12-01
value: 10879.88
line: 2017-12-04,11591.22 pos: 10
key: 2017-12-04
value: 11591.22
line: 2017-12-07,16860.88 pos: 10
key: 2017-12-07
value: 16860.88
line: 2017-12-10,15068.95 pos: 10
key: 2017-12-10
value: 15068.95
line: 2017-12-13,16252.31 pos: 10
key: 2017-12-13
value: 16252.31
line: 2017-12-16,19279.9 pos: 10
key: 2017-12-16
value: 19279.9
line: 2017-12-19,17382.94 pos: 10
key: 2017-12-19
value: 17382.94
line: 2017-12-22,13776.61 pos: 10
key: 2017-12-22
value: 13776.61
line: 2017-12-25,13740.94 pos: 10
key: 2017-12-25
value: 13740.94
line: 2017-12-28,14214.01 pos: 10
key: 2017-12-28
value: 14214.01
line: 2017-12-31,13796 pos: 10
key: 2017-12-31
value: 13796
line: 2018-01-03,15039.24 pos: 10
key: 2018-01-03
value: 15039.24
line: 2018-01-06,17155.95 pos: 10
key: 2018-01-06
value: 17155.95
line: 2018-01-09,14437.42 pos: 10
key: 2018-01-09
value: 14437.42
line: 2018-01-12,13791.19 pos: 10
key: 2018-01-12
value: 13791.19
line: 2018-01-15,13554.14 pos: 10
key: 2018-01-15
value: 13554.14
line: 2018-01-18,11174.82 pos: 10
key: 2018-01-18
value: 11174.82
line: 2018-01-21,11513.42 pos: 10
key: 2018-01-21
value: 11513.42
line: 2018-01-24,11392.03 pos: 10
key: 2018-01-24
value: 11392.03
line: 2018-01-27,11431.37 pos: 10
key: 2018-01-27
value: 11431.37
line: 2018-01-30,10082.52 pos: 10
key: 2018-01-30
value: 10082.52
line: 2018-02-02,8852.73 pos: 10
key: 2018-02-02
value: 8852.73
line: 2018-02-05,6925.46 pos: 10
key: 2018-02-05
value: 6925.46
line: 2018-02-08,8245.08 pos: 10
key: 2018-02-08
value: 8245.08
line: 2018-02-11,8068.02 pos: 10
key: 2018-02-11
value: 8068.02
line: 2018-02-14,9471.64 pos: 10
key: 2018-02-14
value: 9471.64
line: 2018-02-17,11085.83 pos: 10
key: 2018-02-17
value: 11085.83
line: 2018-02-20,11245.98 pos: 10
key: 2018-02-20
value: 11245.98
line: 2018-02-23,10171.3 pos: 10
key: 2018-02-23
value: 10171.3
line: 2018-02-26,10319.46 pos: 10
key: 2018-02-26
value: 10319.46
line: 2018-03-01,10931.12 pos: 10
key: 2018-03-01
value: 10931.12
line: 2018-03-04,11516.83 pos: 10
key: 2018-03-04
value: 11516.83
line: 2018-03-07,9920.46 pos: 10
key: 2018-03-07
value: 9920.46
line: 2018-03-10,8777.37 pos: 10
key: 2018-03-10
value: 8777.37
line: 2018-03-13,9153.54 pos: 10
key: 2018-03-13
value: 9153.54
line: 2018-03-16,8297.89 pos: 10
key: 2018-03-16
value: 8297.89
line: 2018-03-19,8605.64 pos: 10
key: 2018-03-19
value: 8605.64
line: 2018-03-22,8725.37 pos: 10
key: 2018-03-22
value: 8725.37
line: 2018-03-26,8457.96 pos: 10
key: 2018-03-26
value: 8457.96
line: 2018-03-29,7950.61 pos: 10
key: 2018-03-29
value: 7950.61
line: 2018-04-01,6937.56 pos: 10
key: 2018-04-01
value: 6937.56
line: 2018-04-04,7426.48 pos: 10
key: 2018-04-04
value: 7426.48
line: 2018-04-07,6634.68 pos: 10
key: 2018-04-07
value: 6634.68
line: 2018-04-10,6784.41 pos: 10
key: 2018-04-10
value: 6784.41
line: 2018-04-13,7941.46 pos: 10
key: 2018-04-13
value: 7941.46
line: 2018-04-16,8368.1 pos: 10
key: 2018-04-16
value: 8368.1
line: 2018-04-19,8175.96 pos: 10
key: 2018-04-19
value: 8175.96
line: 2018-04-22,8930.6 pos: 10
key: 2018-04-22
value: 8930.6
line: 2018-04-25,9658.11 pos: 10
key: 2018-04-25
value: 9658.11
line: 2018-04-28,8928.55 pos: 10
key: 2018-04-28
value: 8928.55
line: 2018-05-01,9239.55 pos: 10
key: 2018-05-01
value: 9239.55
line: 2018-05-04,9753.35 pos: 10
key: 2018-05-04
value: 9753.35
line: 2018-05-07,9631.44 pos: 10
key: 2018-05-07
value: 9631.44
line: 2018-05-10,9310.37 pos: 10
key: 2018-05-10
value: 9310.37
line: 2018-05-13,8463.52 pos: 10
key: 2018-05-13
value: 8463.52
line: 2018-05-16,8471.06 pos: 10
key: 2018-05-16
value: 8471.06
line: 2018-05-19,8239.08 pos: 10
key: 2018-05-19
value: 8239.08
line: 2018-05-22,8396.63 pos: 10
key: 2018-05-22
value: 8396.63
line: 2018-05-25,7576.78 pos: 10
key: 2018-05-25
value: 7576.78
line: 2018-05-28,7344.56 pos: 10
key: 2018-05-28
value: 7344.56
line: 2018-05-31,7386.72 pos: 10
key: 2018-05-31
value: 7386.72
line: 2018-06-03,7637.14 pos: 10
key: 2018-06-03
value: 7637.14
line: 2018-06-06,7619.43 pos: 10
key: 2018-06-06
value: 7619.43
line: 2018-06-09,7615.54 pos: 10
key: 2018-06-09
value: 7615.54
line: 2018-06-12,6879.31 pos: 10
key: 2018-06-12
value: 6879.31
line: 2018-06-15,6637.41 pos: 10
key: 2018-06-15
value: 6637.41
line: 2018-06-18,6445.79 pos: 10
key: 2018-06-18
value: 6445.79
line: 2018-06-21,6760.83 pos: 10
key: 2018-06-21
value: 6760.83
line: 2018-06-24,6170.46 pos: 10
key: 2018-06-24
value: 6170.46
line: 2018-06-27,6097.46 pos: 10
key: 2018-06-27
value: 6097.46
line: 2018-06-30,6223.28 pos: 10
key: 2018-06-30
value: 6223.28
line: 2018-07-03,6626.44 pos: 10
key: 2018-07-03
value: 6626.44
line: 2018-07-06,6555.51 pos: 10
key: 2018-07-06
value: 6555.51
line: 2018-07-09,6724.04 pos: 10
key: 2018-07-09
value: 6724.04
line: 2018-07-12,6403.18 pos: 10
key: 2018-07-12
value: 6403.18
line: 2018-07-15,6248.84 pos: 10
key: 2018-07-15
value: 6248.84
line: 2018-07-18,7321.62 pos: 10
key: 2018-07-18
value: 7321.62
line: 2018-07-21,7334.99 pos: 10
key: 2018-07-21
value: 7334.99
line: 2018-07-24,7715.1 pos: 10
key: 2018-07-24
value: 7715.1
line: 2018-07-27,7939.81 pos: 10
key: 2018-07-27
value: 7939.81
line: 2018-07-30,8220.91 pos: 10
key: 2018-07-30
value: 8220.91
line: 2018-08-02,7607.7 pos: 10
key: 2018-08-02
value: 7607.7
line: 2018-08-05,7011.28 pos: 10
key: 2018-08-05
value: 7011.28
line: 2018-08-08,6718.23 pos: 10
key: 2018-08-08
value: 6718.23
line: 2018-08-11,6138.96 pos: 10
key: 2018-08-11
value: 6138.96
line: 2018-08-14,6252.13 pos: 10
key: 2018-08-14
value: 6252.13
line: 2018-08-17,6312.75 pos: 10
key: 2018-08-17
value: 6312.75
line: 2018-08-20,6486.58 pos: 10
key: 2018-08-20
value: 6486.58
line: 2018-08-23,6354.57 pos: 10
key: 2018-08-23
value: 6354.57
line: 2018-08-26,6738.27 pos: 10
key: 2018-08-26
value: 6738.27
line: 2018-08-29,7078.19 pos: 10
key: 2018-08-29
value: 7078.19
line: 2018-09-01,7018.78 pos: 10
key: 2018-09-01
value: 7018.78
line: 2018-09-04,7265.08 pos: 10
key: 2018-09-04
value: 7265.08
line: 2018-09-07,6501.19 pos: 10
key: 2018-09-07
value: 6501.19
line: 2018-09-10,6240.98 pos: 10
key: 2018-09-10
value: 6240.98
line: 2018-09-13,6326.04 pos: 10
key: 2018-09-13
value: 6326.04
line: 2018-09-16,6522.39 pos: 10
key: 2018-09-16
value: 6522.39
line: 2018-09-19,6342.39 pos: 10
key: 2018-09-19
value: 6342.39
line: 2018-09-22,6756.12 pos: 10
key: 2018-09-22
value: 6756.12
line: 2018-09-25,6583.45 pos: 10
key: 2018-09-25
value: 6583.45
line: 2018-09-28,6686.08 pos: 10
key: 2018-09-28
value: 6686.08
line: 2018-10-01,6611.02 pos: 10
key: 2018-10-01
value: 6611.02
line: 2018-10-04,6483.73 pos: 10
key: 2018-10-04
value: 6483.73
line: 2018-10-07,6573.62 pos: 10
key: 2018-10-07
value: 6573.62
line: 2018-10-10,6626.85 pos: 10
key: 2018-10-10
value: 6626.85
line: 2018-10-13,6247 pos: 10
key: 2018-10-13
value: 6247
line: 2018-10-16,6599.17 pos: 10
key: 2018-10-16
value: 6599.17
line: 2018-10-19,6509.61 pos: 10
key: 2018-10-19
value: 6509.61
line: 2018-10-22,6504.78 pos: 10
key: 2018-10-22
value: 6504.78
line: 2018-10-25,6489.77 pos: 10
key: 2018-10-25
value: 6489.77
line: 2018-10-28,6457.21 pos: 10
key: 2018-10-28
value: 6457.21
line: 2018-10-30,6301.61 pos: 10
key: 2018-10-30
value: 6301.61
line: 2018-11-02,6390.42 pos: 10
key: 2018-11-02
value: 6390.42
line: 2018-11-05,6437.76 pos: 10
key: 2018-11-05
value: 6437.76
line: 2018-11-08,6444.97 pos: 10
key: 2018-11-08
value: 6444.97
line: 2018-11-11,6408.53 pos: 10
key: 2018-11-11
value: 6408.53
line: 2018-11-14,5756.77 pos: 10
key: 2018-11-14
value: 5756.77
line: 2018-11-17,5572.44 pos: 10
key: 2018-11-17
value: 5572.44
line: 2018-11-20,4491.98 pos: 10
key: 2018-11-20
value: 4491.98
line: 2018-11-23,4352.98 pos: 10
key: 2018-11-23
value: 4352.98
line: 2018-11-26,3793.35 pos: 10
key: 2018-11-26
value: 3793.35
line: 2018-11-29,4278.77 pos: 10
key: 2018-11-29
value: 4278.77
line: 2018-12-02,4140.6 pos: 10
key: 2018-12-02
value: 4140.6
line: 2018-12-05,3744.98 pos: 10
key: 2018-12-05
value: 3744.98
line: 2018-12-08,3453.66 pos: 10
key: 2018-12-08
value: 3453.66
line: 2018-12-11,3407.28 pos: 10
key: 2018-12-11
value: 3407.28
line: 2018-12-14,3242.42 pos: 10
key: 2018-12-14
value: 3242.42
line: 2018-12-17,3556.54 pos: 10
key: 2018-12-17
value: 3556.54
line: 2018-12-20,4135.19 pos: 10
key: 2018-12-20
value: 4135.19
line: 2018-12-23,3995.17 pos: 10
key: 2018-12-23
value: 3995.17
line: 2018-12-26,3848.21 pos: 10
key: 2018-12-26
value: 3848.21
line: 2018-12-29,3770.36 pos: 10
key: 2018-12-29
value: 3770.36
line: 2019-01-01,3855.88 pos: 10
key: 2019-01-01
value: 3855.88
line: 2019-01-04,3856.62 pos: 10
key: 2019-01-04
value: 3856.62
line: 2019-01-07,4032.25 pos: 10
key: 2019-01-07
value: 4032.25
line: 2019-01-10,3646.25 pos: 10
key: 2019-01-10
value: 3646.25
line: 2019-01-13,3531.96 pos: 10
key: 2019-01-13
value: 3531.96
line: 2019-01-16,3621.43 pos: 10
key: 2019-01-16
value: 3621.43
line: 2019-01-19,3703.98 pos: 10
key: 2019-01-19
value: 3703.98
line: 2019-01-22,3587.35 pos: 10
key: 2019-01-22
value: 3587.35
line: 2019-01-25,3577.79 pos: 10
key: 2019-01-25
value: 3577.79
line: 2019-01-28,3448.58 pos: 10
key: 2019-01-28
value: 3448.58
line: 2019-01-31,3444.81 pos: 10
key: 2019-01-31
value: 3444.81
line: 2019-02-03,3456.02 pos: 10
key: 2019-02-03
value: 3456.02
line: 2019-02-06,3405.7 pos: 10
key: 2019-02-06
value: 3405.7
line: 2019-02-09,3664.38 pos: 10
key: 2019-02-09
value: 3664.38
line: 2019-02-12,3632.42 pos: 10
key: 2019-02-12
value: 3632.42
line: 2019-02-15,3608.2 pos: 10
key: 2019-02-15
value: 3608.2
line: 2019-02-18,3910.8 pos: 10
key: 2019-02-18
value: 3910.8
line: 2019-02-21,3944.88 pos: 10
key: 2019-02-21
value: 3944.88
line: 2019-02-24,3766.89 pos: 10
key: 2019-02-24
value: 3766.89
line: 2019-02-27,3833.23 pos: 10
key: 2019-02-27
value: 3833.23
line: 2019-03-02,3831.44 pos: 10
key: 2019-03-02
value: 3831.44
line: 2019-03-05,3872.25 pos: 10
key: 2019-03-05
value: 3872.25
line: 2019-03-08,3875.96 pos: 10
key: 2019-03-08
value: 3875.96
line: 2019-03-11,3881.09 pos: 10
key: 2019-03-11
value: 3881.09
line: 2019-03-14,3885.21 pos: 10
key: 2019-03-14
value: 3885.21
line: 2019-03-17,3994.92 pos: 10
key: 2019-03-17
value: 3994.92
line: 2019-03-20,4056.4 pos: 10
key: 2019-03-20
value: 4056.4
line: 2019-03-23,4011.92 pos: 10
key: 2019-03-23
value: 4011.92
line: 2019-03-26,3947.74 pos: 10
key: 2019-03-26
value: 3947.74
line: 2019-03-29,4115.55 pos: 10
key: 2019-03-29
value: 4115.55
line: 2019-04-02,4152.53 pos: 10
key: 2019-04-02
value: 4152.53
line: 2019-04-05,4911.24 pos: 10
key: 2019-04-05
value: 4911.24
line: 2019-04-08,5189.39 pos: 10
key: 2019-04-08
value: 5189.39
line: 2019-04-11,5310.18 pos: 10
key: 2019-04-11
value: 5310.18
line: 2019-04-14,5064.62 pos: 10
key: 2019-04-14
value: 5064.62
line: 2019-04-17,5196.65 pos: 10
key: 2019-04-17
value: 5196.65
line: 2019-04-20,5277.04 pos: 10
key: 2019-04-20
value: 5277.04
line: 2019-04-23,5377.19 pos: 10
key: 2019-04-23
value: 5377.19
line: 2019-04-26,5195.61 pos: 10
key: 2019-04-26
value: 5195.61
line: 2019-04-29,5301.29 pos: 10
key: 2019-04-29
value: 5301.29
line: 2019-05-02,5326.67 pos: 10
key: 2019-05-02
value: 5326.67
line: 2019-05-05,5771.08 pos: 10
key: 2019-05-05
value: 5771.08
line: 2019-05-08,5755.72 pos: 10
key: 2019-05-08
value: 5755.72
line: 2019-05-11,6348.02 pos: 10
key: 2019-05-11
value: 6348.02
line: 2019-05-14,7823.11 pos: 10
key: 2019-05-14
value: 7823.11
line: 2019-05-17,7885.96 pos: 10
key: 2019-05-17
value: 7885.96
line: 2019-05-20,8193.7 pos: 10
key: 2019-05-20
value: 8193.7
line: 2019-05-23,7625.93 pos: 10
key: 2019-05-23
value: 7625.93
line: 2019-05-26,8071.45 pos: 10
key: 2019-05-26
value: 8071.45
line: 2019-05-29,8719.88 pos: 10
key: 2019-05-29
value: 8719.88
line: 2019-06-01,8553.81 pos: 10
key: 2019-06-01
value: 8553.81
line: 2019-06-04,8134.92 pos: 10
key: 2019-06-04
value: 8134.92
line: 2019-06-07,7803.23 pos: 10
key: 2019-06-07
value: 7803.23
line: 2019-06-10,7640.61 pos: 10
key: 2019-06-10
value: 7640.61
line: 2019-06-13,8173.06 pos: 10
key: 2019-06-13
value: 8173.06
line: 2019-06-16,8859.47 pos: 10
key: 2019-06-16
value: 8859.47
line: 2019-06-19,9076.18 pos: 10
key: 2019-06-19
value: 9076.18
line: 2019-06-22,10209.38 pos: 10
key: 2019-06-22
value: 10209.38
line: 2019-06-25,11017.5 pos: 10
key: 2019-06-25
value: 11017.5
line: 2019-06-28,11132.85 pos: 10
key: 2019-06-28
value: 11132.85
line: 2019-07-01,10737.73 pos: 10
key: 2019-07-01
value: 10737.73
line: 2019-07-04,11984.76 pos: 10
key: 2019-07-04
value: 11984.76
line: 2019-07-07,11232.04 pos: 10
key: 2019-07-07
value: 11232.04
line: 2019-07-10,12586.78 pos: 10
key: 2019-07-10
value: 12586.78
line: 2019-07-13,11803.97 pos: 10
key: 2019-07-13
value: 11803.97
line: 2019-07-16,10873.5 pos: 10
key: 2019-07-16
value: 10873.5
line: 2019-07-19,10638.56 pos: 10
key: 2019-07-19
value: 10638.56
line: 2019-07-22,10587.41 pos: 10
key: 2019-07-22
value: 10587.41
line: 2019-07-25,9772.17 pos: 10
key: 2019-07-25
value: 9772.17
line: 2019-07-28,9473.99 pos: 10
key: 2019-07-28
value: 9473.99
line: 2019-07-31,9589.13 pos: 10
key: 2019-07-31
value: 9589.13
line: 2019-08-03,10529.55 pos: 10
key: 2019-08-03
value: 10529.55
line: 2019-08-06,11787.99 pos: 10
key: 2019-08-06
value: 11787.99
line: 2019-08-09,11996.41 pos: 10
key: 2019-08-09
value: 11996.41
line: 2019-08-12,11566.84 pos: 10
key: 2019-08-12
value: 11566.84
line: 2019-08-15,10016.96 pos: 10
key: 2019-08-15
value: 10016.96
line: 2019-08-18,10214.52 pos: 10
key: 2019-08-18
value: 10214.52
line: 2019-08-21,10760.56 pos: 10
key: 2019-08-21
value: 10760.56
line: 2019-08-24,10405.81 pos: 10
key: 2019-08-24
value: 10405.81
line: 2019-08-27,10360.28 pos: 10
key: 2019-08-27
value: 10360.28
line: 2019-08-30,9484.55 pos: 10
key: 2019-08-30
value: 9484.55
line: 2019-09-02,9769.79 pos: 10
key: 2019-09-02
value: 9769.79
line: 2019-09-05,10584.16 pos: 10
key: 2019-09-05
value: 10584.16
line: 2019-09-08,10487.21 pos: 10
key: 2019-09-08
value: 10487.21
line: 2019-09-11,10101.03 pos: 10
key: 2019-09-11
value: 10101.03
line: 2019-09-14,10363.9 pos: 10
key: 2019-09-14
value: 10363.9
line: 2019-09-17,10265.63 pos: 10
key: 2019-09-17
value: 10265.63
line: 2019-09-20,10275.88 pos: 10
key: 2019-09-20
value: 10275.88
line: 2019-09-23,10033.05 pos: 10
key: 2019-09-23
value: 10033.05
line: 2019-09-26,8432.23 pos: 10
key: 2019-09-26
value: 8432.23
line: 2019-09-29,8225 pos: 10
key: 2019-09-29
value: 8225
line: 2019-10-02,8322.92 pos: 10
key: 2019-10-02
value: 8322.92
line: 2019-10-05,8155.48 pos: 10
key: 2019-10-05
value: 8155.48
line: 2019-10-08,8212.02 pos: 10
key: 2019-10-08
value: 8212.02
line: 2019-10-11,8586.9 pos: 10
key: 2019-10-11
value: 8586.9
line: 2019-10-14,8283.76 pos: 10
key: 2019-10-14
value: 8283.76
line: 2019-10-17,8002.51 pos: 10
key: 2019-10-17
value: 8002.51
line: 2019-10-20,7960.04 pos: 10
key: 2019-10-20
value: 7960.04
line: 2019-10-23,8026.76 pos: 10
key: 2019-10-23
value: 8026.76
line: 2019-10-26,8666.79 pos: 10
key: 2019-10-26
value: 8666.79
line: 2019-10-28,9218.76 pos: 10
key: 2019-10-28
value: 9218.76
line: 2019-10-31,9147.98 pos: 10
key: 2019-10-31
value: 9147.98
line: 2019-11-03,9206.16 pos: 10
key: 2019-11-03
value: 9206.16
line: 2019-11-06,9343.34 pos: 10
key: 2019-11-06
value: 9343.34
line: 2019-11-09,8809.41 pos: 10
key: 2019-11-09
value: 8809.41
line: 2019-11-12,8801.52 pos: 10
key: 2019-11-12
value: 8801.52
line: 2019-11-15,8457.69 pos: 10
key: 2019-11-15
value: 8457.69
line: 2019-11-18,8175.99 pos: 10
key: 2019-11-18
value: 8175.99
line: 2019-11-21,7617.07 pos: 10
key: 2019-11-21
value: 7617.07
line: 2019-11-24,6907.4 pos: 10
key: 2019-11-24
value: 6907.4
line: 2019-11-27,7523.83 pos: 10
key: 2019-11-27
value: 7523.83
line: 2019-11-30,7557.72 pos: 10
key: 2019-11-30
value: 7557.72
line: 2019-12-03,7296.77 pos: 10
key: 2019-12-03
value: 7296.77
line: 2019-12-06,7547.19 pos: 10
key: 2019-12-06
value: 7547.19
line: 2019-12-09,7337.42 pos: 10
key: 2019-12-09
value: 7337.42
line: 2019-12-12,7189.16 pos: 10
key: 2019-12-12
value: 7189.16
line: 2019-12-15,7111.14 pos: 10
key: 2019-12-15
value: 7111.14
line: 2019-12-18,7284.29 pos: 10
key: 2019-12-18
value: 7284.29
line: 2019-12-21,7143.2 pos: 10
key: 2019-12-21
value: 7143.2
line: 2019-12-24,7250.69 pos: 10
key: 2019-12-24
value: 7250.69
line: 2019-12-27,7243.93 pos: 10
key: 2019-12-27
value: 7243.93
line: 2019-12-30,7219.6 pos: 10
key: 2019-12-30
value: 7219.6
line: 2020-01-02,6944.33 pos: 10
key: 2020-01-02
value: 6944.33
line: 2020-01-05,7351.57 pos: 10
key: 2020-01-05
value: 7351.57
line: 2020-01-08,8042.65 pos: 10
key: 2020-01-08
value: 8042.65
line: 2020-01-11,8021.49 pos: 10
key: 2020-01-11
value: 8021.49
line: 2020-01-14,8842.42 pos: 10
key: 2020-01-14
value: 8842.42
line: 2020-01-17,8900.34 pos: 10
key: 2020-01-17
value: 8900.34
line: 2020-01-20,8626.47 pos: 10
key: 2020-01-20
value: 8626.47
line: 2020-01-23,8388.11 pos: 10
key: 2020-01-23
value: 8388.11
line: 2020-01-26,8588.42 pos: 10
key: 2020-01-26
value: 8588.42
line: 2020-01-29,9279.81 pos: 10
key: 2020-01-29
value: 9279.81
line: 2020-02-01,9378.09 pos: 10
key: 2020-02-01
value: 9378.09
line: 2020-02-04,9162.14 pos: 10
key: 2020-02-04
value: 9162.14
line: 2020-02-07,9807.54 pos: 10
key: 2020-02-07
value: 9807.54
line: 2020-02-10,9854.79 pos: 10
key: 2020-02-10
value: 9854.79
line: 2020-02-13,10242.43 pos: 10
key: 2020-02-13
value: 10242.43
line: 2020-02-16,9937.67 pos: 10
key: 2020-02-16
value: 9937.67
line: 2020-02-19,9604.72 pos: 10
key: 2020-02-19
value: 9604.72
line: 2020-02-22,9669.63 pos: 10
key: 2020-02-22
value: 9669.63
line: 2020-02-25,9309.15 pos: 10
key: 2020-02-25
value: 9309.15
line: 2020-02-28,8712.35 pos: 10
key: 2020-02-28
value: 8712.35
line: 2020-03-02,8912.82 pos: 10
key: 2020-03-02
value: 8912.82
line: 2020-03-05,9067.39 pos: 10
key: 2020-03-05
value: 9067.39
line: 2020-03-08,8039.38 pos: 10
key: 2020-03-08
value: 8039.38
line: 2020-03-11,7936.65 pos: 10
key: 2020-03-11
value: 7936.65
line: 2020-03-14,5166.26 pos: 10
key: 2020-03-14
value: 5166.26
line: 2020-03-17,5357.61 pos: 10
key: 2020-03-17
value: 5357.61
line: 2020-03-20,6226.44 pos: 10
key: 2020-03-20
value: 6226.44
line: 2020-03-23,6502.16 pos: 10
key: 2020-03-23
value: 6502.16
line: 2020-03-26,6763.75 pos: 10
key: 2020-03-26
value: 6763.75
line: 2020-03-30,5885.41 pos: 10
key: 2020-03-30
value: 5885.41
line: 2020-04-02,6652.87 pos: 10
key: 2020-04-02
value: 6652.87
line: 2020-04-05,6871.69 pos: 10
key: 2020-04-05
value: 6871.69
line: 2020-04-08,7205.55 pos: 10
key: 2020-04-08
value: 7205.55
line: 2020-04-11,6873.24 pos: 10
key: 2020-04-11
value: 6873.24
line: 2020-04-14,6857.66 pos: 10
key: 2020-04-14
value: 6857.66
line: 2020-04-17,7112.27 pos: 10
key: 2020-04-17
value: 7112.27
line: 2020-04-20,7130.04 pos: 10
key: 2020-04-20
value: 7130.04
line: 2020-04-23,7130.99 pos: 10
key: 2020-04-23
value: 7130.99
line: 2020-04-26,7549.52 pos: 10
key: 2020-04-26
value: 7549.52
line: 2020-04-29,7765.33 pos: 10
key: 2020-04-29
value: 7765.33
line: 2020-05-02,8824.66 pos: 10
key: 2020-05-02
value: 8824.66
line: 2020-05-05,8885.93 pos: 10
key: 2020-05-05
value: 8885.93
line: 2020-05-08,10002.48 pos: 10
key: 2020-05-08
value: 10002.48
line: 2020-05-11,8754.46 pos: 10
key: 2020-05-11
value: 8754.46
line: 2020-05-14,9305.93 pos: 10
key: 2020-05-14
value: 9305.93
line: 2020-05-17,9385.7 pos: 10
key: 2020-05-17
value: 9385.7
line: 2020-05-20,9785.74 pos: 10
key: 2020-05-20
value: 9785.74
line: 2020-05-23,9167.26 pos: 10
key: 2020-05-23
value: 9167.26
line: 2020-05-26,8899.66 pos: 10
key: 2020-05-26
value: 8899.66
line: 2020-05-29,9569.21 pos: 10
key: 2020-05-29
value: 9569.21
line: 2020-06-01,9450.84 pos: 10
key: 2020-06-01
value: 9450.84
line: 2020-06-04,9658.04 pos: 10
key: 2020-06-04
value: 9658.04
line: 2020-06-07,9670.43 pos: 10
key: 2020-06-07
value: 9670.43
line: 2020-06-10,9775.15 pos: 10
key: 2020-06-10
value: 9775.15
line: 2020-06-13,9459.97 pos: 10
key: 2020-06-13
value: 9459.97
line: 2020-06-16,9426.7 pos: 10
key: 2020-06-16
value: 9426.7
line: 2020-06-19,9380.03 pos: 10
key: 2020-06-19
value: 9380.03
line: 2020-06-22,9284.78 pos: 10
key: 2020-06-22
value: 9284.78
line: 2020-06-25,9276.58 pos: 10
key: 2020-06-25
value: 9276.58
line: 2020-06-28,9004.23 pos: 10
key: 2020-06-28
value: 9004.23
line: 2020-07-01,9133.97 pos: 10
key: 2020-07-01
value: 9133.97
line: 2020-07-04,9072.42 pos: 10
key: 2020-07-04
value: 9072.42
line: 2020-07-07,9348.91 pos: 10
key: 2020-07-07
value: 9348.91
line: 2020-07-10,9238.04 pos: 10
key: 2020-07-10
value: 9238.04
line: 2020-07-13,9295.9 pos: 10
key: 2020-07-13
value: 9295.9
line: 2020-07-16,9193.51 pos: 10
key: 2020-07-16
value: 9193.51
line: 2020-07-19,9174.71 pos: 10
key: 2020-07-19
value: 9174.71
line: 2020-07-22,9392.66 pos: 10
key: 2020-07-22
value: 9392.66
line: 2020-07-25,9551.28 pos: 10
key: 2020-07-25
value: 9551.28
line: 2020-07-28,11042.4 pos: 10
key: 2020-07-28
value: 11042.4
line: 2020-07-31,11114.93 pos: 10
key: 2020-07-31
value: 11114.93
line: 2020-08-03,11077.77 pos: 10
key: 2020-08-03
value: 11077.77
line: 2020-08-06,11750.28 pos: 10
key: 2020-08-06
value: 11750.28
line: 2020-08-09,11767.6 pos: 10
key: 2020-08-09
value: 11767.6
line: 2020-08-12,11392.43 pos: 10
key: 2020-08-12
value: 11392.43
line: 2020-08-15,11774.38 pos: 10
key: 2020-08-15
value: 11774.38
line: 2020-08-18,12293.72 pos: 10
key: 2020-08-18
value: 12293.72
line: 2020-08-21,11865.82 pos: 10
key: 2020-08-21
value: 11865.82
line: 2020-08-24,11653.02 pos: 10
key: 2020-08-24
value: 11653.02
line: 2020-08-27,11467.37 pos: 10
key: 2020-08-27
value: 11467.37
line: 2020-08-30,11481.64 pos: 10
key: 2020-08-30
value: 11481.64
line: 2020-09-02,11923.25 pos: 10
key: 2020-09-02
value: 11923.25
line: 2020-09-05,10467.89 pos: 10
key: 2020-09-05
value: 10467.89
line: 2020-09-08,10367.74 pos: 10
key: 2020-09-08
value: 10367.74
line: 2020-09-11,10352.66 pos: 10
key: 2020-09-11
value: 10352.66
line: 2020-09-14,10330.77 pos: 10
key: 2020-09-14
value: 10330.77
line: 2020-09-17,10948.43 pos: 10
key: 2020-09-17
value: 10948.43
line: 2020-09-20,11081.43 pos: 10
key: 2020-09-20
value: 11081.43
line: 2020-09-23,10532.22 pos: 10
key: 2020-09-23
value: 10532.22
line: 2020-09-26,10692.84 pos: 10
key: 2020-09-26
value: 10692.84
line: 2020-09-29,10692.33 pos: 10
key: 2020-09-29
value: 10692.33
line: 2020-10-02,10619.24 pos: 10
key: 2020-10-02
value: 10619.24
line: 2020-10-05,10673.46 pos: 10
key: 2020-10-05
value: 10673.46
line: 2020-10-08,10670.8 pos: 10
key: 2020-10-08
value: 10670.8
line: 2020-10-11,11302.67 pos: 10
key: 2020-10-11
value: 11302.67
line: 2020-10-14,11428.24 pos: 10
key: 2020-10-14
value: 11428.24
line: 2020-10-17,11327.57 pos: 10
key: 2020-10-17
value: 11327.57
line: 2020-10-20,11758.16 pos: 10
key: 2020-10-20
value: 11758.16
line: 2020-10-23,12990.25 pos: 10
key: 2020-10-23
value: 12990.25
line: 2020-10-25,13036.77 pos: 10
key: 2020-10-25
value: 13036.77
line: 2020-10-28,13289 pos: 10
key: 2020-10-28
value: 13289
line: 2020-10-31,13810.32 pos: 10
key: 2020-10-31
value: 13810.32
line: 2020-11-03,14023.31 pos: 10
key: 2020-11-03
value: 14023.31
line: 2020-11-06,15595.77 pos: 10
key: 2020-11-06
value: 15595.77
line: 2020-11-09,15328.53 pos: 10
key: 2020-11-09
value: 15328.53
line: 2020-11-12,16295.57 pos: 10
key: 2020-11-12
value: 16295.57
line: 2020-11-15,15968.16 pos: 10
key: 2020-11-15
value: 15968.16
line: 2020-11-18,17798.45 pos: 10
key: 2020-11-18
value: 17798.45
line: 2020-11-21,18699.75 pos: 10
key: 2020-11-21
value: 18699.75
line: 2020-11-24,19172.52 pos: 10
key: 2020-11-24
value: 19172.52
line: 2020-11-27,17138.87 pos: 10
key: 2020-11-27
value: 17138.87
line: 2020-11-30,19709.73 pos: 10
key: 2020-11-30
value: 19709.73
line: 2020-12-03,19454.54 pos: 10
key: 2020-12-03
value: 19454.54
line: 2020-12-06,19377.66 pos: 10
key: 2020-12-06
value: 19377.66
line: 2020-12-09,18554.15 pos: 10
key: 2020-12-09
value: 18554.15
line: 2020-12-12,18803.44 pos: 10
key: 2020-12-12
value: 18803.44
line: 2020-12-15,19439.75 pos: 10
key: 2020-12-15
value: 19439.75
line: 2020-12-18,23150.79 pos: 10
key: 2020-12-18
value: 23150.79
line: 2020-12-21,22745.48 pos: 10
key: 2020-12-21
value: 22745.48
line: 2020-12-24,23715.53 pos: 10
key: 2020-12-24
value: 23715.53
line: 2020-12-27,26246.58 pos: 10
key: 2020-12-27
value: 26246.58
line: 2020-12-30,28856.59 pos: 10
key: 2020-12-30
value: 28856.59
line: 2021-01-02,32195.46 pos: 10
key: 2021-01-02
value: 32195.46
line: 2021-01-05,34046.67 pos: 10
key: 2021-01-05
value: 34046.67
line: 2021-01-08,40670.25 pos: 10
key: 2021-01-08
value: 40670.25
line: 2021-01-11,35544.94 pos: 10
key: 2021-01-11
value: 35544.94
line: 2021-01-14,39158.47 pos: 10
key: 2021-01-14
value: 39158.47
line: 2021-01-17,35793.01 pos: 10
key: 2021-01-17
value: 35793.01
line: 2021-01-20,35538.98 pos: 10
key: 2021-01-20
value: 35538.98
line: 2021-01-23,32099.74 pos: 10
key: 2021-01-23
value: 32099.74
line: 2021-01-26,32541.8 pos: 10
key: 2021-01-26
value: 32541.8
line: 2021-01-29,34314.26 pos: 10
key: 2021-01-29
value: 34314.26
line: 2021-02-01,33522.9 pos: 10
key: 2021-02-01
value: 33522.9
line: 2021-02-04,37002.09 pos: 10
key: 2021-02-04
value: 37002.09
line: 2021-02-07,38928.1 pos: 10
key: 2021-02-07
value: 38928.1
line: 2021-02-10,44878.17 pos: 10
key: 2021-02-10
value: 44878.17
line: 2021-02-13,47185.19 pos: 10
key: 2021-02-13
value: 47185.19
line: 2021-02-16,49160.1 pos: 10
key: 2021-02-16
value: 49160.1
line: 2021-02-19,55916.5 pos: 10
key: 2021-02-19
value: 55916.5
line: 2021-02-22,54123.4 pos: 10
key: 2021-02-22
value: 54123.4
line: 2021-02-25,46800.42 pos: 10
key: 2021-02-25
value: 46800.42
line: 2021-02-28,45113.92 pos: 10
key: 2021-02-28
value: 45113.92
line: 2021-03-03,50477.7 pos: 10
key: 2021-03-03
value: 50477.7
line: 2021-03-06,48881.59 pos: 10
key: 2021-03-06
value: 48881.59
line: 2021-03-09,54881.52 pos: 10
key: 2021-03-09
value: 54881.52
line: 2021-03-12,57253.28 pos: 10
key: 2021-03-12
value: 57253.28
line: 2021-03-15,55754.72 pos: 10
key: 2021-03-15
value: 55754.72
line: 2021-03-18,57665.9 pos: 10
key: 2021-03-18
value: 57665.9
line: 2021-03-21,57411.17 pos: 10
key: 2021-03-21
value: 57411.17
line: 2021-03-24,52508.23 pos: 10
key: 2021-03-24
value: 52508.23
line: 2021-03-27,55863.93 pos: 10
key: 2021-03-27
value: 55863.93
line: 2021-03-31,58730.13 pos: 10
key: 2021-03-31
value: 58730.13
line: 2021-04-03,59031.32 pos: 10
key: 2021-04-03
value: 59031.32
line: 2021-04-06,59054.1 pos: 10
key: 2021-04-06
value: 59054.1
line: 2021-04-09,58048.59 pos: 10
key: 2021-04-09
value: 58048.59
line: 2021-04-12,59964.87 pos: 10
key: 2021-04-12
value: 59964.87
line: 2021-04-15,62969.12 pos: 10
key: 2021-04-15
value: 62969.12
line: 2021-04-18,60087.09 pos: 10
key: 2021-04-18
value: 60087.09
line: 2021-04-21,56507.91 pos: 10
key: 2021-04-21
value: 56507.91
line: 2021-04-24,51153.13 pos: 10
key: 2021-04-24
value: 51153.13
line: 2021-04-27,54056.64 pos: 10
key: 2021-04-27
value: 54056.64
line: 2021-04-30,53584.15 pos: 10
key: 2021-04-30
value: 53584.15
line: 2021-05-03,56610.46 pos: 10
key: 2021-05-03
value: 56610.46
line: 2021-05-06,57473.23 pos: 10
key: 2021-05-06
value: 57473.23
line: 2021-05-09,58928.81 pos: 10
key: 2021-05-09
value: 58928.81
line: 2021-05-12,56750 pos: 10
key: 2021-05-12
value: 56750
line: 2021-05-15,49922.52 pos: 10
key: 2021-05-15
value: 49922.52
line: 2021-05-18,43596.24 pos: 10
key: 2021-05-18
value: 43596.24
line: 2021-05-21,40784.32 pos: 10
key: 2021-05-21
value: 40784.32
line: 2021-05-24,34754.54 pos: 10
key: 2021-05-24
value: 34754.54
line: 2021-05-27,39266.04 pos: 10
key: 2021-05-27
value: 39266.04
line: 2021-05-30,34647.67 pos: 10
key: 2021-05-30
value: 34647.67
line: 2021-06-02,36662.64 pos: 10
key: 2021-06-02
value: 36662.64
line: 2021-06-05,36885.51 pos: 10
key: 2021-06-05
value: 36885.51
line: 2021-06-08,33514.87 pos: 10
key: 2021-06-08
value: 33514.87
line: 2021-06-11,36704.57 pos: 10
key: 2021-06-11
value: 36704.57
line: 2021-06-14,39066.82 pos: 10
key: 2021-06-14
value: 39066.82
line: 2021-06-17,38324.87 pos: 10
key: 2021-06-17
value: 38324.87
line: 2021-06-20,35524.17 pos: 10
key: 2021-06-20
value: 35524.17
line: 2021-06-23,32447.59 pos: 10
key: 2021-06-23
value: 32447.59
line: 2021-06-26,31640.58 pos: 10
key: 2021-06-26
value: 31640.58
line: 2021-06-29,34456.67 pos: 10
key: 2021-06-29
value: 34456.67
line: 2021-07-02,33536.88 pos: 10
key: 2021-07-02
value: 33536.88
line: 2021-07-05,35309.3 pos: 10
key: 2021-07-05
value: 35309.3
line: 2021-07-08,33839.04 pos: 10
key: 2021-07-08
value: 33839.04
line: 2021-07-11,33515.57 pos: 10
key: 2021-07-11
value: 33515.57
line: 2021-07-14,32686.56 pos: 10
key: 2021-07-14
value: 32686.56
line: 2021-07-17,31421.25 pos: 10
key: 2021-07-17
value: 31421.25
line: 2021-07-20,30815.94 pos: 10
key: 2021-07-20
value: 30815.94
line: 2021-07-23,32297.89 pos: 10
key: 2021-07-23
value: 32297.89
line: 2021-07-26,35365.2 pos: 10
key: 2021-07-26
value: 35365.2
line: 2021-07-29,40002.53 pos: 10
key: 2021-07-29
value: 40002.53
line: 2021-08-01,41659.06 pos: 10
key: 2021-08-01
value: 41659.06
line: 2021-08-04,38138 pos: 10
key: 2021-08-04
value: 38138
line: 2021-08-07,42825.95 pos: 10
key: 2021-08-07
value: 42825.95
line: 2021-08-10,46333.46 pos: 10
key: 2021-08-10
value: 46333.46
line: 2021-08-13,44417.78 pos: 10
key: 2021-08-13
value: 44417.78
line: 2021-08-16,47056.41 pos: 10
key: 2021-08-16
value: 47056.41
line: 2021-08-19,44777.86 pos: 10
key: 2021-08-19
value: 44777.86
line: 2021-08-22,48932.02 pos: 10
key: 2021-08-22
value: 48932.02
line: 2021-08-25,47744.58 pos: 10
key: 2021-08-25
value: 47744.58
line: 2021-08-28,49056.86 pos: 10
key: 2021-08-28
value: 49056.86
line: 2021-08-31,47074.77 pos: 10
key: 2021-08-31
value: 47074.77
line: 2021-09-03,49329.01 pos: 10
key: 2021-09-03
value: 49329.01
line: 2021-09-06,51769.06 pos: 10
key: 2021-09-06
value: 51769.06
line: 2021-09-09,46078.38 pos: 10
key: 2021-09-09
value: 46078.38
line: 2021-09-12,45144.79 pos: 10
key: 2021-09-12
value: 45144.79
line: 2021-09-15,47072.12 pos: 10
key: 2021-09-15
value: 47072.12
line: 2021-09-18,47263.6 pos: 10
key: 2021-09-18
value: 47263.6
line: 2021-09-21,42901.56 pos: 10
key: 2021-09-21
value: 42901.56
line: 2021-09-24,44888.96 pos: 10
key: 2021-09-24
value: 44888.96
line: 2021-09-27,43182.63 pos: 10
key: 2021-09-27
value: 43182.63
line: 2021-09-30,41522.38 pos: 10
key: 2021-09-30
value: 41522.38
line: 2021-10-03,47727.1 pos: 10
key: 2021-10-03
value: 47727.1
line: 2021-10-06,51505.83 pos: 10
key: 2021-10-06
value: 51505.83
line: 2021-10-09,53867.3 pos: 10
key: 2021-10-09
value: 53867.3
line: 2021-10-12,57452.01 pos: 10
key: 2021-10-12
value: 57452.01
line: 2021-10-15,57397.74 pos: 10
key: 2021-10-15
value: 57397.74
line: 2021-10-18,61546.21 pos: 10
key: 2021-10-18
value: 61546.21
line: 2021-10-21,66063.56 pos: 10
key: 2021-10-21
value: 66063.56
line: 2021-10-24,61277.28 pos: 10
key: 2021-10-24
value: 61277.28
line: 2021-10-27,60345.17 pos: 10
key: 2021-10-27
value: 60345.17
line: 2021-10-30,62249.18 pos: 10
key: 2021-10-30
value: 62249.18
line: 2021-11-01,61029.5 pos: 10
key: 2021-11-01
value: 61029.5
line: 2021-11-04,61441.83 pos: 10
key: 2021-11-04
value: 61441.83
line: 2021-11-07,63293.22 pos: 10
key: 2021-11-07
value: 63293.22
line: 2021-11-10,64976.73 pos: 10
key: 2021-11-10
value: 64976.73
line: 2021-11-13,64420.94 pos: 10
key: 2021-11-13
value: 64420.94
line: 2021-11-16,60172.26 pos: 10
key: 2021-11-16
value: 60172.26
line: 2021-11-19,58133.02 pos: 10
key: 2021-11-19
value: 58133.02
line: 2021-11-22,56301.52 pos: 10
key: 2021-11-22
value: 56301.52
line: 2021-11-25,58935.45 pos: 10
key: 2021-11-25
value: 58935.45
line: 2021-11-28,57292.28 pos: 10
key: 2021-11-28
value: 57292.28
line: 2021-12-01,57229.76 pos: 10
key: 2021-12-01
value: 57229.76
line: 2021-12-04,49253.86 pos: 10
key: 2021-12-04
value: 49253.86
line: 2021-12-07,50645.41 pos: 10
key: 2021-12-07
value: 50645.41
line: 2021-12-10,47137.46 pos: 10
key: 2021-12-10
value: 47137.46
line: 2021-12-13,46757.09 pos: 10
key: 2021-12-13
value: 46757.09
line: 2021-12-16,47658.38 pos: 10
key: 2021-12-16
value: 47658.38
line: 2021-12-19,46689.28 pos: 10
key: 2021-12-19
value: 46689.28
line: 2021-12-22,48628.35 pos: 10
key: 2021-12-22
value: 48628.35
line: 2021-12-25,50470.89 pos: 10
key: 2021-12-25
value: 50470.89
line: 2021-12-28,47601.26 pos: 10
key: 2021-12-28
value: 47601.26
line: 2021-12-31,46249.56 pos: 10
key: 2021-12-31
value: 46249.56
line: 2022-01-03,46441.99 pos: 10
key: 2022-01-03
value: 46441.99
line: 2022-01-06,43120.63 pos: 10
key: 2022-01-06
value: 43120.63
line: 2022-01-09,41864.44 pos: 10
key: 2022-01-09
value: 41864.44
line: 2022-01-12,43926 pos: 10
key: 2022-01-12
value: 43926
line: 2022-01-15,43146.53 pos: 10
key: 2022-01-15
value: 43146.53
line: 2022-01-18,42381.48 pos: 10
key: 2022-01-18
value: 42381.48
line: 2022-01-21,36480.85 pos: 10
key: 2022-01-21
value: 36480.85
line: 2022-01-24,36678.82 pos: 10
key: 2022-01-24
value: 36678.82
line: 2022-01-27,37146.85 pos: 10
key: 2022-01-27
value: 37146.85
line: 2022-01-30,37918.62 pos: 10
key: 2022-01-30
value: 37918.62
line: 2022-02-02,36912.68 pos: 10
key: 2022-02-02
value: 36912.68
line: 2022-02-05,41435.43 pos: 10
key: 2022-02-05
value: 41435.43
line: 2022-02-08,44133.28 pos: 10
key: 2022-02-08
value: 44133.28
line: 2022-02-11,42401.27 pos: 10
key: 2022-02-11
value: 42401.27
line: 2022-02-14,42580.94 pos: 10
key: 2022-02-14
value: 42580.94
line: 2022-02-17,40565.69 pos: 10
key: 2022-02-17
value: 40565.69
line: 2022-02-20,38382.32 pos: 10
key: 2022-02-20
value: 38382.32
line: 2022-02-23,37291.48 pos: 10
key: 2022-02-23
value: 37291.48
line: 2022-02-26,39103.91 pos: 10
key: 2022-02-26
value: 39103.91
line: 2022-03-01,44418.83 pos: 10
key: 2022-03-01
value: 44418.83
line: 2022-03-04,39141.25 pos: 10
key: 2022-03-04
value: 39141.25
line: 2022-03-07,38032.5 pos: 10
key: 2022-03-07
value: 38032.5
line: 2022-03-10,39437.89 pos: 10
key: 2022-03-10
value: 39437.89
line: 2022-03-13,37820.39 pos: 10
key: 2022-03-13
value: 37820.39
line: 2022-03-16,41133.08 pos: 10
key: 2022-03-16
value: 41133.08
line: 2022-03-19,42222.32 pos: 10
key: 2022-03-19
value: 42222.32
line: 2022-03-22,42372.67 pos: 10
key: 2022-03-22
value: 42372.67
line: 2022-03-25,44334.33 pos: 10
key: 2022-03-25
value: 44334.33
line: 2022-03-29,47115.93 pos: 10
key: 2022-03-29
value: 47115.93
line: 2011-01-04 | 3 pos: 11
key: 2011-01-04 
value:  3
line: 2011-01-04 | 2 pos: 11
key: 2011-01-04 
value:  2
line: 2011-01-04 | 1 pos: 11
key: 2011-01-04 
value:  1
line: 2011-01-04 | 1.2 pos: 11
key: 2011-01-04 
value:  1.2
line: 2011-01-04 | 1 pos: 11
key: 2011-01-04 
value:  1
1.4822e-323 - 6.95294e-310
1.4822e-323 - 6.95294e-310
1.4822e-323 - 6.95294e-310
1.4822e-323 - 6.95294e-310
1.4822e-323 - 6.95294e-310
