==196656== Memcheck, a memory error detector
==196656== Copyright (C) 2002-2017, and GNU GPL'd, by Julian Seward et al.
==196656== Using Valgrind-3.18.1 and LibVEX; rerun with -h for copyright info
==196656== Command: ./RPN 8\ 4\ *\ 9\ -\ 9\ -\ 9\ -\ 4\ -\ 1\ +
==196656== 
==196656== Use of uninitialised value of size 8
==196656==    at 0x49C24C4: std::basic_ostream<char, std::char_traits<char> >& std::operator<< <char, std::char_traits<char>, std::allocator<char> >(std::basic_ostream<char, std::char_traits<char> >&, std::__cxx11::basic_string<char, std::char_traits<char>, std::allocator<char> > const&) (in /usr/lib/x86_64-linux-gnu/libstdc++.so.6.0.30)
==196656==    by 0x403858: RPN::printResult(std::__cxx11::basic_string<char, std::char_traits<char>, std::allocator<char> >) (RPN.cpp:140)
==196656==    by 0x4024E4: main (main.cpp:10)
==196656== 
==196656== Invalid read of size 8
==196656==    at 0x49C24C4: std::basic_ostream<char, std::char_traits<char> >& std::operator<< <char, std::char_traits<char>, std::allocator<char> >(std::basic_ostream<char, std::char_traits<char> >&, std::__cxx11::basic_string<char, std::char_traits<char>, std::allocator<char> > const&) (in /usr/lib/x86_64-linux-gnu/libstdc++.so.6.0.30)
==196656==    by 0x403858: RPN::printResult(std::__cxx11::basic_string<char, std::char_traits<char>, std::allocator<char> >) (RPN.cpp:140)
==196656==    by 0x4024E4: main (main.cpp:10)
==196656==  Address 0x1e8 is not stack'd, malloc'd or (recently) free'd
==196656== 
==196656== 
==196656== Process terminating with default action of signal 11 (SIGSEGV)
==196656==  Access not within mapped region at address 0x1E8
==196656==    at 0x49C24C4: std::basic_ostream<char, std::char_traits<char> >& std::operator<< <char, std::char_traits<char>, std::allocator<char> >(std::basic_ostream<char, std::char_traits<char> >&, std::__cxx11::basic_string<char, std::char_traits<char>, std::allocator<char> > const&) (in /usr/lib/x86_64-linux-gnu/libstdc++.so.6.0.30)
==196656==    by 0x403858: RPN::printResult(std::__cxx11::basic_string<char, std::char_traits<char>, std::allocator<char> >) (RPN.cpp:140)
==196656==    by 0x4024E4: main (main.cpp:10)
==196656==  If you believe this happened as a result of a stack
==196656==  overflow in your program's main thread (unlikely but
==196656==  possible), you can try to increase the size of the
==196656==  main thread stack using the --main-stacksize= flag.
==196656==  The main thread stack size used in this run was 8388608.
==196656== 
==196656== HEAP SUMMARY:
==196656==     in use at exit: 74,330 bytes in 5 blocks
==196656==   total heap usage: 22 allocs, 17 frees, 75,399 bytes allocated
==196656== 
==196656== 26 bytes in 1 blocks are still reachable in loss record 1 of 5
==196656==    at 0x4849013: operator new(unsigned long) (in /usr/libexec/valgrind/vgpreload_memcheck-amd64-linux.so)
==196656==    by 0x49C2289: void std::__cxx11::basic_string<char, std::char_traits<char>, std::allocator<char> >::_M_construct<char const*>(char const*, char const*, std::forward_iterator_tag) (in /usr/lib/x86_64-linux-gnu/libstdc++.so.6.0.30)
==196656==    by 0x4024CF: main (main.cpp:10)
==196656== 
==196656== 64 bytes in 1 blocks are still reachable in loss record 2 of 5
==196656==    at 0x4849013: operator new(unsigned long) (in /usr/libexec/valgrind/vgpreload_memcheck-amd64-linux.so)
==196656==    by 0x406D7F: std::__new_allocator<std::__cxx11::basic_string<char, std::char_traits<char>, std::allocator<char> >*>::allocate(unsigned long, void const*) (new_allocator.h:137)
==196656==    by 0x406CC0: __gnu_cxx::__alloc_traits<std::allocator<std::__cxx11::basic_string<char, std::char_traits<char>, std::allocator<char> >*>, std::__cxx11::basic_string<char, std::char_traits<char>, std::allocator<char> >*>::allocate(std::allocator<std::__cxx11::basic_string<char, std::char_traits<char>, std::allocator<char> >*>&, unsigned long) (alloc_traits.h:133)
==196656==    by 0x40691D: std::_Deque_base<std::__cxx11::basic_string<char, std::char_traits<char>, std::allocator<char> >, std::allocator<std::__cxx11::basic_string<char, std::char_traits<char>, std::allocator<char> > > >::_M_allocate_map(unsigned long) (stl_deque.h:597)
==196656==    by 0x408AE2: std::_Deque_base<std::__cxx11::basic_string<char, std::char_traits<char>, std::allocator<char> >, std::allocator<std::__cxx11::basic_string<char, std::char_traits<char>, std::allocator<char> > > >::_M_initialize_map(unsigned long) (stl_deque.h:646)
==196656==    by 0x409014: std::_Deque_base<std::__cxx11::basic_string<char, std::char_traits<char>, std::allocator<char> >, std::allocator<std::__cxx11::basic_string<char, std::char_traits<char>, std::allocator<char> > > >::_Deque_base(std::allocator<std::__cxx11::basic_string<char, std::char_traits<char>, std::allocator<char> > > const&, unsigned long) (stl_deque.h:468)
==196656==    by 0x408F04: std::deque<std::__cxx11::basic_string<char, std::char_traits<char>, std::allocator<char> >, std::allocator<std::__cxx11::basic_string<char, std::char_traits<char>, std::allocator<char> > > >::deque(std::deque<std::__cxx11::basic_string<char, std::char_traits<char>, std::allocator<char> >, std::allocator<std::__cxx11::basic_string<char, std::char_traits<char>, std::allocator<char> > > > const&) (stl_deque.h:918)
==196656==    by 0x40393C: std::stack<std::__cxx11::basic_string<char, std::char_traits<char>, std::allocator<char> >, std::deque<std::__cxx11::basic_string<char, std::char_traits<char>, std::allocator<char> >, std::allocator<std::__cxx11::basic_string<char, std::char_traits<char>, std::allocator<char> > > > >::stack(std::deque<std::__cxx11::basic_string<char, std::char_traits<char>, std::allocator<char> >, std::allocator<std::__cxx11::basic_string<char, std::char_traits<char>, std::allocator<char> > > > const&) (stl_stack.h:158)
==196656==    by 0x4025D0: RPN::RPN() (RPN.cpp:9)
==196656==    by 0x402451: main (main.cpp:4)
==196656== 
==196656== 512 bytes in 1 blocks are still reachable in loss record 3 of 5
==196656==    at 0x4849013: operator new(unsigned long) (in /usr/libexec/valgrind/vgpreload_memcheck-amd64-linux.so)
==196656==    by 0x406EAF: std::__new_allocator<std::__cxx11::basic_string<char, std::char_traits<char>, std::allocator<char> > >::allocate(unsigned long, void const*) (new_allocator.h:137)
==196656==    by 0x406E40: __gnu_cxx::__alloc_traits<std::allocator<std::__cxx11::basic_string<char, std::char_traits<char>, std::allocator<char> > >, std::__cxx11::basic_string<char, std::char_traits<char>, std::allocator<char> > >::allocate(std::allocator<std::__cxx11::basic_string<char, std::char_traits<char>, std::allocator<char> > >&, unsigned long) (alloc_traits.h:133)
==196656==    by 0x406529: std::_Deque_base<std::__cxx11::basic_string<char, std::char_traits<char>, std::allocator<char> >, std::allocator<std::__cxx11::basic_string<char, std::char_traits<char>, std::allocator<char> > > >::_M_allocate_node() (stl_deque.h:583)
==196656==    by 0x408D4A: std::_Deque_base<std::__cxx11::basic_string<char, std::char_traits<char>, std::allocator<char> >, std::allocator<std::__cxx11::basic_string<char, std::char_traits<char>, std::allocator<char> > > >::_M_create_nodes(std::__cxx11::basic_string<char, std::char_traits<char>, std::allocator<char> >**, std::__cxx11::basic_string<char, std::char_traits<char>, std::allocator<char> >**) (stl_deque.h:684)
==196656==    by 0x408B23: std::_Deque_base<std::__cxx11::basic_string<char, std::char_traits<char>, std::allocator<char> >, std::allocator<std::__cxx11::basic_string<char, std::char_traits<char>, std::allocator<char> > > >::_M_initialize_map(unsigned long) (stl_deque.h:658)
==196656==    by 0x409014: std::_Deque_base<std::__cxx11::basic_string<char, std::char_traits<char>, std::allocator<char> >, std::allocator<std::__cxx11::basic_string<char, std::char_traits<char>, std::allocator<char> > > >::_Deque_base(std::allocator<std::__cxx11::basic_string<char, std::char_traits<char>, std::allocator<char> > > const&, unsigned long) (stl_deque.h:468)
==196656==    by 0x408F04: std::deque<std::__cxx11::basic_string<char, std::char_traits<char>, std::allocator<char> >, std::allocator<std::__cxx11::basic_string<char, std::char_traits<char>, std::allocator<char> > > >::deque(std::deque<std::__cxx11::basic_string<char, std::char_traits<char>, std::allocator<char> >, std::allocator<std::__cxx11::basic_string<char, std::char_traits<char>, std::allocator<char> > > > const&) (stl_deque.h:918)
==196656==    by 0x40393C: std::stack<std::__cxx11::basic_string<char, std::char_traits<char>, std::allocator<char> >, std::deque<std::__cxx11::basic_string<char, std::char_traits<char>, std::allocator<char> >, std::allocator<std::__cxx11::basic_string<char, std::char_traits<char>, std::allocator<char> > > > >::stack(std::deque<std::__cxx11::basic_string<char, std::char_traits<char>, std::allocator<char> >, std::allocator<std::__cxx11::basic_string<char, std::char_traits<char>, std::allocator<char> > > > const&) (stl_stack.h:158)
==196656==    by 0x4025D0: RPN::RPN() (RPN.cpp:9)
==196656==    by 0x402451: main (main.cpp:4)
==196656== 
==196656== 1,024 bytes in 1 blocks are still reachable in loss record 4 of 5
==196656==    at 0x4848899: malloc (in /usr/libexec/valgrind/vgpreload_memcheck-amd64-linux.so)
==196656==    by 0x4C24BA3: _IO_file_doallocate (filedoalloc.c:101)
==196656==    by 0x4C33CDF: _IO_doallocbuf (genops.c:347)
==196656==    by 0x4C32F5F: _IO_file_overflow@@GLIBC_2.2.5 (fileops.c:744)
==196656==    by 0x4C316D4: _IO_new_file_xsputn (fileops.c:1243)
==196656==    by 0x4C316D4: _IO_file_xsputn@@GLIBC_2.2.5 (fileops.c:1196)
==196656==    by 0x4C25FD6: fwrite (iofwrite.c:39)
==196656==    by 0x49AFB64: std::basic_ostream<char, std::char_traits<char> >& std::__ostream_insert<char, std::char_traits<char> >(std::basic_ostream<char, std::char_traits<char> >&, char const*, long) (in /usr/lib/x86_64-linux-gnu/libstdc++.so.6.0.30)
==196656==    by 0x49AFEBA: std::basic_ostream<char, std::char_traits<char> >& std::operator<< <std::char_traits<char> >(std::basic_ostream<char, std::char_traits<char> >&, char const*) (in /usr/lib/x86_64-linux-gnu/libstdc++.so.6.0.30)
==196656==    by 0x403416: RPN::printResult(std::__cxx11::basic_string<char, std::char_traits<char>, std::allocator<char> >) (RPN.cpp:124)
==196656==    by 0x4024E4: main (main.cpp:10)
==196656== 
==196656== 72,704 bytes in 1 blocks are still reachable in loss record 5 of 5
==196656==    at 0x4848899: malloc (in /usr/libexec/valgrind/vgpreload_memcheck-amd64-linux.so)
==196656==    by 0x491D939: ??? (in /usr/lib/x86_64-linux-gnu/libstdc++.so.6.0.30)
==196656==    by 0x400647D: call_init.part.0 (dl-init.c:70)
==196656==    by 0x4006567: call_init (dl-init.c:33)
==196656==    by 0x4006567: _dl_init (dl-init.c:117)
==196656==    by 0x40202C9: ??? (in /usr/lib/x86_64-linux-gnu/ld-linux-x86-64.so.2)
==196656==    by 0x1: ???
==196656==    by 0x1FFEFFFF66: ???
==196656==    by 0x1FFEFFFF6C: ???
==196656== 
==196656== LEAK SUMMARY:
==196656==    definitely lost: 0 bytes in 0 blocks
==196656==    indirectly lost: 0 bytes in 0 blocks
==196656==      possibly lost: 0 bytes in 0 blocks
==196656==    still reachable: 74,330 bytes in 5 blocks
==196656==         suppressed: 0 bytes in 0 blocks
==196656== 
==196656== Use --track-origins=yes to see where uninitialised values come from
==196656== For lists of detected and suppressed errors, rerun with: -s
==196656== ERROR SUMMARY: 2 errors from 2 contexts (suppressed: 0 from 0)
Segmentation fault (core dumped)
make: *** [Makefile:28: val] Error 139
